---- light / ericw-tools v0.18.1 ----
extra 4x4 sampling enabled
Raytracing backend: Embree
running with 8 threads
LoadBSPFile: 'NoahHoustonDeadShip2Tex.bsp'
BSP is version 29
--- LoadEntities ---
WARNING: couldn't parse 'd' as number for key 'light'
155 entities read, 94 are lights.
--- OptionsSummary ---
Embree_TraceInit: Embree version: 2.15.0
Embree_TraceInit:
	0 sky faces
	1182 solid faces
	0 filtered faces
	0 shadow-casting skip faces
SetupLights: 94 initial lights
SetupLights: 94 after surface lights
SetupLights: 94 after jittering
--- EstimateLightVisibility ---
0....1....2....3....4....5....6....7....8....9....
Final count: 94 lights 0 suns in use.
--- LightWorld ---
0....1....2....3....4....5....6....7....8....9....
Lighting Completed.

lightdatasize: 72368
0 switchable light styles (32 max)
Writing NoahHoustonDeadShip2Tex.bsp as BSP version 29
0.356 seconds elapsed

stats:
4.020682 lights tested, 2.962031 hits per sample point
0.000000 bounce lights tested, 0.000000 hits per sample point
0 empty lightmaps
