PRT1
218
511
5 0 13 (2016 496 128 ) (2016 496 240 ) (2000 496 272 ) (1872 496 272 ) (1872 496 128 ) 
4 0 5 (1872 512 272 ) (1872 688 272 ) (1872 688 128 ) (1872 512 128 ) 
3 0 4 (1872 688 272 ) (1872 704 272 ) (1872 688 240 ) 
4 0 1 (1872 832 272 ) (1872 1008 272 ) (1872 1008 128 ) (1872 904 128 ) 
5 0 2 (1872 704 272 ) (1872 832 272 ) (1872 904 128 ) (1872 688 128 ) (1872 688 240 ) 
5 1 2 (1632 904 128 ) (1872 904 128 ) (1872 832 272 ) (1648 832 272 ) (1632 848 240 ) 
4 2 5 (1728 688 128 ) (1872 688 128 ) (1872 688 240 ) (1728 688 240 ) 
4 2 4 (1872 688 240 ) (1872 704 272 ) (1744 704 272 ) (1728 688 240 ) 
6 2 3 (1632 848 128 ) (1632 688 128 ) (1632 688 240 ) (1632 704 272 ) (1632 832 272 ) (1632 848 240 ) 
4 3 8 (1376 716 240 ) (1376 744 128 ) (1376 688 128 ) (1376 688 240 ) 
4 3 7 (1376 704 272 ) (1376 708 272 ) (1376 716 240 ) (1376 688 240 ) 
5 3 6 (1376 708 272 ) (1376 832 272 ) (1376 848 240 ) (1376 848 128 ) (1376 744 128 ) 
4 4 5 (1728 688 240 ) (1872 688 240 ) (1872 688 272 ) (1744 688 272 ) 
5 6 51 (912 708 272 ) (912 832 272 ) (912 848 240 ) (912 848 128 ) (912 744 128 ) 
4 6 12 (912 744 128 ) (1072 744 128 ) (1072 724 208 ) (912 724 208 ) 
4 6 11 (1168 724 208 ) (1168 708 272 ) (912 708 272 ) (912 724 208 ) 
3 6 9 (1232 708 272 ) (1168 708 272 ) (1168 740 144 ) 
6 6 8 (1168 744 128 ) (1376 744 128 ) (1376 716 240 ) (1360 708 272 ) (1232 708 272 ) (1168 740 144 ) 
3 6 7 (1376 716 240 ) (1376 708 272 ) (1360 708 272 ) 
4 7 8 (1376 716 240 ) (1376 688 240 ) (1360 704 272 ) (1360 708 272 ) 
6 8 10 (1216 688 128 ) (1376 688 128 ) (1376 688 240 ) (1360 688 272 ) (1232 688 272 ) (1216 688 240 ) 
5 8 9 (1168 740 144 ) (1168 688 144 ) (1216 688 240 ) (1232 704 272 ) (1232 708 272 ) 
5 9 11 (1168 708 272 ) (1168 724 208 ) (1168 688 208 ) (1168 688 240 ) (1168 704 272 ) 
6 10 25 (1376 496 128 ) (1376 496 240 ) (1360 496 272 ) (1232 496 272 ) (1216 496 240 ) (1216 496 128 ) 
5 11 51 (912 704 272 ) (912 708 272 ) (912 724 208 ) (912 688 208 ) (912 688 240 ) 
4 11 12 (912 688 208 ) (912 724 208 ) (1072 724 208 ) (1072 688 208 ) 
4 12 51 (912 724 208 ) (912 744 128 ) (912 688 128 ) (912 688 208 ) 
4 13 15 (1872 496 128 ) (1872 160 128 ) (1872 160 272 ) (1872 496 272 ) 
5 14 18 (1872 64 128 ) (2016 64 128 ) (2016 64 240 ) (2000 64 272 ) (1872 64 272 ) 
4 14 15 (1872 144 128 ) (1872 64 128 ) (1872 64 272 ) (1872 144 272 ) 
5 15 18 (1728 64 128 ) (1872 64 128 ) (1872 64 272 ) (1744 64 272 ) (1728 64 240 ) 
4 16 24 (1376 64 240 ) (1376 64 272 ) (1376 272 272 ) (1376 288 240 ) 
4 16 20 (1712 64 240 ) (1696 64 272 ) (1376 64 272 ) (1376 64 240 ) 
5 16 17 (1712 64 240 ) (1376 64 240 ) (1376 288 240 ) (1696 288 240 ) (1712 272 240 ) 
4 17 26 (1376 288 128 ) (1376 64 128 ) (1376 64 240 ) (1376 288 240 ) 
4 17 22 (1552 64 128 ) (1376 64 128 ) (1376 112 128 ) (1552 112 128 ) 
4 17 20 (1376 64 128 ) (1712 64 128 ) (1712 64 240 ) (1376 64 240 ) 
4 18 20 (1712 64 272 ) (1712 64 128 ) (1712 -128 128 ) (1712 -128 272 ) 
6 18 19 (1728 -128 128 ) (2016 -128 128 ) (2016 -128 240 ) (2000 -128 272 ) (1744 -128 272 ) (1728 -128 240 ) 
5 19 109 (2016 -224 128 ) (2016 -224 240 ) (2000 -224 272 ) (1872 -224 272 ) (1872 -224 128 ) 
4 20 26 (1376 64 128 ) (1376 -128 128 ) (1376 -128 240 ) (1376 64 240 ) 
4 20 24 (1376 -128 240 ) (1376 -128 272 ) (1376 64 272 ) (1376 64 240 ) 
4 20 22 (1376 -128 128 ) (1376 64 128 ) (1552 64 128 ) (1552 -128 128 ) 
5 20 21 (1376 -128 272 ) (1376 -128 128 ) (1712 -128 128 ) (1712 -128 240 ) (1696 -128 272 ) 
4 21 120 (1552 -224 272 ) (1376 -224 272 ) (1376 -224 128 ) (1552 -224 128 ) 
4 21 112 (1552 -224 240 ) (1552 -224 128 ) (1712 -224 128 ) (1712 -224 240 ) 
4 21 111 (1696 -224 272 ) (1552 -224 272 ) (1552 -224 240 ) (1712 -224 240 ) 
4 21 26 (1376 -128 128 ) (1376 -224 128 ) (1376 -224 240 ) (1376 -128 240 ) 
4 21 24 (1376 -224 240 ) (1376 -224 272 ) (1376 -128 272 ) (1376 -128 240 ) 
4 21 22 (1376 -176 128 ) (1376 -128 128 ) (1552 -128 128 ) (1552 -176 128 ) 
4 22 42 (1376 -176 128 ) (1376 -96 128 ) (1376 -96 112 ) (1376 -176 112 ) 
4 22 38 (1376 -64 112 ) (1376 -96 112 ) (1376 -96 126.400000 ) (1376 -64 126.400000 ) 
4 22 37 (1376 32 126.400000 ) (1376 32 112 ) (1376 0 112 ) (1376 0 126.400000 ) 
4 22 36 (1376 -96 128 ) (1376 32 128 ) (1376 32 126.400000 ) (1376 -96 126.400000 ) 
4 22 35 (1376 32 128 ) (1376 112 128 ) (1376 112 112 ) (1376 32 112 ) 
4 22 23 (1376 -176 112 ) (1376 112 112 ) (1552 112 112 ) (1552 -176 112 ) 
4 23 122 (1552 -224 0 ) (1552 -224 112 ) (1376 -224 112 ) (1376 -224 0 ) 
4 23 46 (1376 -96 112 ) (1376 -64 112 ) (1376 -64 0 ) (1376 -96 0 ) 
4 23 45 (1376 0 112 ) (1376 32 112 ) (1376 32 0 ) (1376 0 0 ) 
4 23 44 (1376 32 112 ) (1376 112 112 ) (1376 112 0 ) (1376 32 0 ) 
4 23 50 (1376 -224 0 ) (1376 -224 112 ) (1376 -96 112 ) (1376 -96 0 ) 
4 23 33 (1376 112 112 ) (1376 288 112 ) (1376 288 0 ) (1376 112 0 ) 
3 24 120 (1376 -224 240 ) (1376 -224 272 ) (1360 -224 272 ) 
4 24 26 (1376 -224 240 ) (1360 -224 272 ) (1360 272 272 ) (1376 288 240 ) 
6 25 26 (1376 288 240 ) (1360 288 272 ) (1232 288 272 ) (1216 288 240 ) (1216 288 128 ) (1376 288 128 ) 
4 26 123 (1344 -224 272 ) (1232 -224 272 ) (1160 -224 128 ) (1344 -224 128 ) 
5 26 120 (1376 -224 128 ) (1376 -224 240 ) (1360 -224 272 ) (1344 -224 272 ) (1344 -224 128 ) 
4 26 43 (1360 -224 128 ) (1184 -224 128 ) (1184 -176 128 ) (1360 -176 128 ) 
4 26 42 (1376 -96 128 ) (1376 -176 128 ) (1160 -176 128 ) (1160 -96 128 ) 
4 26 36 (1376 32 128 ) (1376 -96 128 ) (1248 -96 128 ) (1248 32 128 ) 
4 26 35 (1376 112 128 ) (1376 32 128 ) (1248 32 128 ) (1248 112 128 ) 
4 26 41 (1248 -96 128 ) (1160 -96 128 ) (1160 112 128 ) (1248 112 128 ) 
5 26 27 (1216 288 240 ) (1160 288 128 ) (1160 -224 128 ) (1232 -224 272 ) (1232 272 272 ) 
4 27 123 (1232 -224 272 ) (1152 -224 272 ) (1152 -224 128 ) (1160 -224 128 ) 
4 27 42 (1152 -176 128 ) (1152 -96 128 ) (1160 -96 128 ) (1160 -176 128 ) 
4 27 41 (1152 -96 128 ) (1152 112 128 ) (1160 112 128 ) (1160 -96 128 ) 
4 27 28 (1152 112 128 ) (1152 -224 128 ) (1152 -224 272 ) (1152 112 272 ) 
4 28 124 (1152 -224 272 ) (1072 -224 272 ) (1072 -224 128 ) (1152 -224 128 ) 
4 28 42 (1072 -176 128 ) (1072 -96 128 ) (1152 -96 128 ) (1152 -176 128 ) 
4 28 41 (1072 -96 128 ) (1072 112 128 ) (1152 112 128 ) (1152 -96 128 ) 
4 28 29 (1072 -224 240 ) (1072 -224 272 ) (1072 112 272 ) (1072 112 240 ) 
4 28 32 (1072 112 128 ) (1072 -224 128 ) (1072 -224 240 ) (1072 112 240 ) 
3 29 124 (1072 -224 272 ) (1056 -224 272 ) (1072 -224 240 ) 
4 29 31 (1072 -224 240 ) (1056 -224 272 ) (1056 112 272 ) (1072 112 240 ) 
4 30 72 (912 144 272 ) (912 256 272 ) (912 272 240 ) (912 128 240 ) 
3 30 71 (912 256 272 ) (912 272 272 ) (912 272 240 ) 
3 30 69 (912 272 272 ) (912 288 240 ) (912 272 240 ) 
4 30 31 (912 128 240 ) (1072 128 240 ) (1056 128 272 ) (928 128 272 ) 
5 30 32 (912 128 240 ) (912 288 240 ) (1056 288 240 ) (1072 272 240 ) (1072 128 240 ) 
4 31 176 (1040 -224 272 ) (928 -224 272 ) (912 -224 240 ) (1040 -224 240 ) 
4 31 124 (1056 -224 272 ) (1040 -224 272 ) (1040 -224 240 ) (1072 -224 240 ) 
4 31 32 (912 -224 240 ) (912 128 240 ) (1072 128 240 ) (1072 -224 240 ) 
4 32 177 (912 -224 240 ) (912 -224 128 ) (1040 -224 128 ) (1040 -224 240 ) 
4 32 124 (1040 -224 128 ) (1072 -224 128 ) (1072 -224 240 ) (1040 -224 240 ) 
4 32 72 (912 128 240 ) (912 272 240 ) (912 272 128 ) (912 128 128 ) 
4 32 69 (912 272 240 ) (912 288 240 ) (912 288 128 ) (912 272 128 ) 
4 33 44 (1248 112 0 ) (1376 112 0 ) (1376 112 112 ) (1248 112 112 ) 
4 33 49 (1072 112 112 ) (1072 112 0 ) (1248 112 0 ) (1248 112 112 ) 
6 33 34 (1072 288 80 ) (1072 288 0 ) (1072 112 0 ) (1072 112 80 ) (1072 128 112 ) (1072 272 112 ) 
6 34 82 (912 112 0 ) (912 112 80 ) (912 128 112 ) (912 256 112 ) (912 272 80 ) (912 272 0 ) 
3 34 81 (912 256 112 ) (912 272 112 ) (912 272 80 ) 
4 34 79 (912 272 112 ) (912 288 80 ) (912 288 0 ) (912 272 0 ) 
4 35 44 (1248 112 112 ) (1376 112 112 ) (1376 32 112 ) (1248 32 112 ) 
4 35 39 (1248 32 112 ) (1280 32 112 ) (1280 32 126.400000 ) (1248 32 126.400000 ) 
4 35 37 (1344 32 112 ) (1376 32 112 ) (1376 32 126.400000 ) (1344 32 126.400000 ) 
4 35 36 (1376 32 126.400000 ) (1376 32 128 ) (1248 32 128 ) (1248 32 126.400000 ) 
4 35 41 (1248 112 112 ) (1248 32 112 ) (1248 32 128 ) (1248 112 128 ) 
4 36 42 (1376 -96 126.400000 ) (1376 -96 128 ) (1248 -96 128 ) (1248 -96 126.400000 ) 
3 36 39 (1248 0 126.400000 ) (1248 32 126.400000 ) (1280 32 126.400000 ) 
3 36 38 (1376 -64 126.400000 ) (1376 -96 126.400000 ) (1344 -96 126.400000 ) 
3 36 40 (1248 -96 126.400000 ) (1248 -64 126.400000 ) (1280 -96 126.400000 ) 
3 36 37 (1344 32 126.400000 ) (1376 32 126.400000 ) (1376 0 126.400000 ) 
4 36 41 (1248 -96 126.400000 ) (1248 -96 128 ) (1248 32 128 ) (1248 32 126.400000 ) 
3 37 45 (1376 32 112 ) (1376 0 112 ) (1344 32 112 ) 
3 38 46 (1376 -64 112 ) (1376 -96 112 ) (1344 -96 112 ) 
4 38 42 (1344 -96 112 ) (1376 -96 112 ) (1376 -96 126.400000 ) (1344 -96 126.400000 ) 
3 39 47 (1248 0 112 ) (1248 32 112 ) (1280 32 112 ) 
4 39 41 (1248 32 112 ) (1248 0 112 ) (1248 0 126.400000 ) (1248 32 126.400000 ) 
3 40 48 (1280 -96 112 ) (1248 -96 112 ) (1248 -64 112 ) 
4 40 42 (1248 -96 112 ) (1280 -96 112 ) (1280 -96 126.400000 ) (1248 -96 126.400000 ) 
4 40 41 (1248 -64 112 ) (1248 -96 112 ) (1248 -96 126.400000 ) (1248 -64 126.400000 ) 
4 41 49 (1072 -96 112 ) (1072 112 112 ) (1248 112 112 ) (1248 -96 112 ) 
4 41 42 (1072 -96 128 ) (1072 -96 112 ) (1248 -96 112 ) (1248 -96 128 ) 
4 42 50 (1072 -176 112 ) (1072 -96 112 ) (1376 -96 112 ) (1376 -176 112 ) 
4 42 43 (1200 -176 112 ) (1344 -176 112 ) (1360 -176 128 ) (1184 -176 128 ) 
4 43 125 (1344 -224 128 ) (1184 -224 128 ) (1200 -224 112 ) (1344 -224 112 ) 
3 43 121 (1360 -224 128 ) (1344 -224 128 ) (1344 -224 112 ) 
4 43 50 (1344 -224 112 ) (1200 -224 112 ) (1200 -176 112 ) (1344 -176 112 ) 
4 44 47 (1248 32 0 ) (1280 32 0 ) (1280 32 112 ) (1248 32 112 ) 
4 44 45 (1344 32 0 ) (1376 32 0 ) (1376 32 112 ) (1344 32 112 ) 
4 44 49 (1248 112 0 ) (1248 32 0 ) (1248 32 112 ) (1248 112 112 ) 
4 46 50 (1344 -96 0 ) (1376 -96 0 ) (1376 -96 112 ) (1344 -96 112 ) 
4 47 49 (1248 32 0 ) (1248 0 0 ) (1248 0 112 ) (1248 32 112 ) 
4 48 49 (1248 -64 0 ) (1248 -96 0 ) (1248 -96 112 ) (1248 -64 112 ) 
4 48 50 (1248 -96 0 ) (1280 -96 0 ) (1280 -96 112 ) (1248 -96 112 ) 
4 49 50 (1072 -96 112 ) (1072 -96 0 ) (1248 -96 0 ) (1248 -96 112 ) 
4 50 126 (1344 -224 112 ) (1072 -224 112 ) (1072 -224 0 ) (1344 -224 0 ) 
4 50 122 (1376 -224 0 ) (1376 -224 112 ) (1344 -224 112 ) (1344 -224 0 ) 
6 51 83 (240 832 272 ) (240 848 240 ) (240 848 128 ) (240 688 128 ) (240 688 240 ) (240 704 272 ) 
4 51 52 (240 688 128 ) (240 848 128 ) (752 848 128 ) (752 688 128 ) 
4 52 83 (240 848 128 ) (240 848 112 ) (240 688 112 ) (240 688 128 ) 
4 52 60 (624 848 112 ) (688 848 112 ) (688 688 112 ) (624 688 112 ) 
4 52 57 (720 848 112 ) (736 848 112 ) (736 688 112 ) (720 688 112 ) 
4 52 58 (688 848 112 ) (720 848 112 ) (720 688 112 ) (688 688 112 ) 
4 52 66 (240 688 112 ) (240 848 112 ) (624 848 112 ) (624 688 112 ) 
4 53 85 (240 528 272 ) (240 640 272 ) (240 640 240 ) (240 512 240 ) 
4 53 84 (240 640 272 ) (240 656 272 ) (240 672 240 ) (240 640 240 ) 
5 53 55 (240 512 240 ) (240 672 240 ) (752 672 240 ) (768 656 240 ) (768 512 240 ) 
4 53 54 (608 512 240 ) (768 512 240 ) (752 528 272 ) (624 528 272 ) 
4 54 70 (608 288 240 ) (768 288 240 ) (752 288 272 ) (624 288 272 ) 
4 54 56 (768 288 240 ) (608 288 240 ) (608 512 240 ) (768 512 240 ) 
4 55 87 (240 640 224 ) (240 640 128 ) (240 512 128 ) (240 512 224 ) 
4 55 85 (240 512 240 ) (240 640 240 ) (240 640 224 ) (240 512 224 ) 
4 55 84 (240 640 240 ) (240 672 240 ) (240 672 128 ) (240 640 128 ) 
4 55 56 (768 512 128 ) (768 512 240 ) (608 512 240 ) (608 512 128 ) 
4 56 70 (768 288 128 ) (768 288 240 ) (608 288 240 ) (608 288 128 ) 
4 57 58 (720 688 96 ) (720 688 112 ) (720 848 112 ) (720 848 96 ) 
4 58 60 (688 688 80 ) (688 688 112 ) (688 848 112 ) (688 848 80 ) 
4 58 59 (704 688 80 ) (688 688 80 ) (688 848 80 ) (704 848 80 ) 
4 59 60 (688 688 64 ) (688 688 80 ) (688 848 80 ) (688 848 64 ) 
4 60 61 (672 688 48 ) (640 688 48 ) (640 848 48 ) (672 848 48 ) 
4 60 63 (640 688 48 ) (624 688 48 ) (624 848 48 ) (640 848 48 ) 
4 60 66 (624 688 112 ) (624 848 112 ) (624 848 48 ) (624 688 48 ) 
4 61 62 (640 848 32 ) (656 848 32 ) (656 688 32 ) (640 688 32 ) 
4 61 63 (640 848 48 ) (640 848 32 ) (640 688 32 ) (640 688 48 ) 
4 62 63 (640 848 32 ) (640 848 16 ) (640 688 16 ) (640 688 32 ) 
4 63 66 (624 848 48 ) (624 848 0 ) (624 688 0 ) (624 688 48 ) 
4 64 67 (768 512 80 ) (752 528 112 ) (624 528 112 ) (624 512 80 ) 
4 64 66 (624 512 80 ) (624 528 112 ) (624 656 112 ) (624 672 80 ) 
5 64 65 (768 512 80 ) (624 512 80 ) (624 672 80 ) (752 672 80 ) (768 656 80 ) 
4 65 68 (768 512 0 ) (768 512 80 ) (624 512 80 ) (624 512 0 ) 
4 65 66 (624 512 0 ) (624 512 80 ) (624 672 80 ) (624 672 0 ) 
4 66 96 (240 512 80 ) (240 528 112 ) (240 688 112 ) (240 688 80 ) 
4 66 99 (240 512 0 ) (240 512 80 ) (240 688 80 ) (240 688 0 ) 
4 66 91 (240 688 112 ) (240 848 112 ) (240 848 0 ) (240 688 0 ) 
4 66 68 (624 512 80 ) (608 512 80 ) (608 512 0 ) (624 512 0 ) 
3 66 67 (624 528 112 ) (608 512 80 ) (624 512 80 ) 
4 67 68 (768 512 80 ) (752 512 112 ) (624 512 112 ) (608 512 80 ) 
6 68 80 (768 288 0 ) (768 288 80 ) (752 288 112 ) (624 288 112 ) (608 288 80 ) (608 288 0 ) 
4 69 72 (912 272 128 ) (912 272 240 ) (768 272 240 ) (824 272 128 ) 
4 69 71 (912 272 240 ) (912 272 272 ) (752 272 272 ) (768 272 240 ) 
4 69 70 (824 288 128 ) (824 272 128 ) (752 272 272 ) (768 288 240 ) 
4 70 73 (608 272 240 ) (608 272 128 ) (824 272 128 ) (768 272 240 ) 
4 70 71 (752 272 272 ) (624 272 272 ) (608 272 240 ) (768 272 240 ) 
4 71 72 (768 272 240 ) (912 272 240 ) (912 256 272 ) (752 256 272 ) 
4 71 73 (608 272 240 ) (768 272 240 ) (752 256 272 ) (624 256 272 ) 
6 72 73 (752 256 272 ) (768 272 240 ) (824 272 128 ) (824 128 128 ) (768 128 240 ) (752 144 272 ) 
4 73 101 (240 128 272 ) (240 256 272 ) (240 272 240 ) (240 128 240 ) 
4 73 103 (240 272 240 ) (240 272 128 ) (240 128 128 ) (240 128 240 ) 
4 73 75 (240 128 272 ) (240 128 128 ) (552 128 128 ) (624 128 272 ) 
5 73 74 (552 128 128 ) (768 128 128 ) (768 128 240 ) (752 128 272 ) (624 128 272 ) 
4 74 77 (608 112 128 ) (768 112 128 ) (768 112 160 ) (608 112 160 ) 
6 74 76 (768 112 160 ) (768 112 240 ) (752 112 272 ) (624 112 272 ) (608 112 240 ) (608 112 160 ) 
4 74 75 (552 128 128 ) (552 112 128 ) (608 112 240 ) (624 128 272 ) 
3 75 101 (240 128 272 ) (240 128 240 ) (240 112 240 ) 
4 75 103 (240 128 240 ) (240 128 128 ) (240 112 128 ) (240 112 240 ) 
5 76 189 (628 -224 272 ) (624 -224 272 ) (608 -224 240 ) (608 -224 160 ) (656 -224 160 ) 
5 76 178 (752 -224 272 ) (628 -224 272 ) (656 -224 160 ) (768 -224 160 ) (768 -224 240 ) 
4 76 78 (768 -144 160 ) (768 -224 160 ) (656 -224 160 ) (656 -144 160 ) 
4 76 77 (608 112 160 ) (768 112 160 ) (768 -144 160 ) (608 -144 160 ) 
4 77 78 (768 -144 160 ) (656 -144 160 ) (664 -144 128 ) (768 -144 128 ) 
4 78 178 (664 -224 128 ) (768 -224 128 ) (768 -224 160 ) (656 -224 160 ) 
4 79 82 (912 272 0 ) (912 272 80 ) (768 272 80 ) (808 272 0 ) 
4 79 81 (912 272 80 ) (912 272 112 ) (752 272 112 ) (768 272 80 ) 
4 79 80 (808 272 0 ) (752 272 112 ) (768 288 80 ) (808 288 0 ) 
4 80 82 (608 272 80 ) (608 272 0 ) (808 272 0 ) (768 272 80 ) 
4 80 81 (752 272 112 ) (624 272 112 ) (608 272 80 ) (768 272 80 ) 
4 81 82 (608 272 80 ) (912 272 80 ) (912 256 112 ) (624 256 112 ) 
6 82 105 (240 112 0 ) (240 112 80 ) (240 128 112 ) (240 256 112 ) (240 272 80 ) (240 272 0 ) 
4 83 93 (-160 816 112 ) (-160 720 112 ) (-192 720 112 ) (-192 816 112 ) 
4 83 95 (-160 720 112 ) (-160 688 112 ) (-192 688 112 ) (-192 720 112 ) 
4 83 92 (-192 848 112 ) (-160 848 112 ) (-160 816 112 ) (-192 816 112 ) 
4 83 91 (-160 848 112 ) (240 848 112 ) (240 688 112 ) (-160 688 112 ) 
4 84 88 (-160 640 224 ) (-192 640 224 ) (-192 640 128 ) (-160 640 128 ) 
4 84 87 (240 640 128 ) (240 640 224 ) (-160 640 224 ) (-160 640 128 ) 
4 84 85 (240 640 224 ) (240 640 272 ) (-192 640 272 ) (-192 640 224 ) 
4 85 90 (0 512 224 ) (160 512 224 ) (160 512 240 ) (0 512 240 ) 
4 85 89 (-160 512 224 ) (-192 512 224 ) (-192 544 224 ) (-160 544 224 ) 
4 85 88 (-192 544 224 ) (-192 640 224 ) (-160 640 224 ) (-160 544 224 ) 
4 85 87 (240 512 224 ) (-160 512 224 ) (-160 640 224 ) (240 640 224 ) 
4 85 86 (144 528 272 ) (16 528 272 ) (0 512 240 ) (160 512 240 ) 
4 86 90 (0 512 240 ) (160 512 240 ) (144 512 272 ) (16 512 272 ) 
4 87 90 (0 512 128 ) (160 512 128 ) (160 512 224 ) (0 512 224 ) 
4 87 89 (-160 544 128 ) (-160 512 128 ) (-160 512 224 ) (-160 544 224 ) 
4 87 88 (-160 640 128 ) (-160 544 128 ) (-160 544 224 ) (-160 640 224 ) 
4 88 89 (-192 544 224 ) (-192 544 128 ) (-160 544 128 ) (-160 544 224 ) 
4 90 102 (144 272 272 ) (16 272 272 ) (0 272 240 ) (160 272 240 ) 
4 90 103 (0 272 240 ) (0 272 128 ) (160 272 128 ) (160 272 240 ) 
4 91 98 (16 688 112 ) (-160 688 112 ) (-160 688 80 ) (0 688 80 ) 
4 91 97 (144 688 112 ) (16 688 112 ) (0 688 80 ) (160 688 80 ) 
4 91 96 (240 688 80 ) (240 688 112 ) (144 688 112 ) (160 688 80 ) 
4 91 99 (240 688 0 ) (240 688 80 ) (-160 688 80 ) (-160 688 0 ) 
4 91 94 (-160 816 0 ) (-160 720 0 ) (-160 720 96 ) (-160 816 96 ) 
4 91 93 (-160 720 96 ) (-160 720 112 ) (-160 816 112 ) (-160 816 96 ) 
4 91 95 (-160 720 0 ) (-160 688 0 ) (-160 688 112 ) (-160 720 112 ) 
4 91 92 (-160 848 112 ) (-160 848 0 ) (-160 816 0 ) (-160 816 112 ) 
4 92 94 (-192 816 96 ) (-192 816 0 ) (-160 816 0 ) (-160 816 96 ) 
4 92 93 (-160 816 112 ) (-192 816 112 ) (-192 816 96 ) (-160 816 96 ) 
4 93 95 (-192 720 112 ) (-192 720 96 ) (-160 720 96 ) (-160 720 112 ) 
4 93 94 (-192 720 96 ) (-192 816 96 ) (-160 816 96 ) (-160 720 96 ) 
4 94 95 (-192 720 96 ) (-192 720 0 ) (-160 720 0 ) (-160 720 96 ) 
4 95 98 (-160 688 112 ) (-176 688 112 ) (-192 688 80 ) (-160 688 80 ) 
4 95 99 (-192 688 80 ) (-192 688 0 ) (-160 688 0 ) (-160 688 80 ) 
4 96 97 (160 512 80 ) (144 528 112 ) (144 688 112 ) (160 688 80 ) 
4 96 99 (160 688 80 ) (240 688 80 ) (240 512 80 ) (160 512 80 ) 
4 97 100 (144 512 112 ) (16 512 112 ) (0 512 80 ) (160 512 80 ) 
4 97 98 (0 512 80 ) (16 528 112 ) (16 688 112 ) (0 688 80 ) 
4 97 99 (0 688 80 ) (160 688 80 ) (160 512 80 ) (0 512 80 ) 
5 98 99 (-192 528 80 ) (-192 688 80 ) (0 688 80 ) (0 512 80 ) (-176 512 80 ) 
4 99 100 (160 512 80 ) (0 512 80 ) (0 512 0 ) (160 512 0 ) 
5 100 106 (64 272 112 ) (16 272 112 ) (0 272 80 ) (0 272 0 ) (64 272 0 ) 
4 100 104 (160 272 80 ) (144 272 112 ) (64 272 112 ) (64 272 80 ) 
4 100 105 (160 272 0 ) (160 272 80 ) (64 272 80 ) (64 272 0 ) 
4 101 102 (144 128 272 ) (144 256 272 ) (160 272 240 ) (160 112 240 ) 
4 101 103 (160 272 240 ) (240 272 240 ) (240 112 240 ) (160 112 240 ) 
5 102 103 (0 272 240 ) (160 272 240 ) (160 112 240 ) (16 112 240 ) (0 128 240 ) 
3 104 106 (64 256 112 ) (64 272 112 ) (64 272 80 ) 
4 104 105 (64 256 112 ) (64 272 80 ) (160 272 80 ) (144 256 112 ) 
12 105 108 (240 112 0 ) (240 112 64 ) (224 112 88 ) (208 112 100 ) (192 112 108 ) (176 112 112 ) (128 112 112 ) (112 112 108 ) (96 112 100 ) (80 112 88 ) (64 112 64 ) (64 112 0 ) 
6 105 106 (64 112 0 ) (64 112 80 ) (64 128 112 ) (64 256 112 ) (64 272 80 ) (64 272 0 ) 
3 106 107 (0 128 80 ) (0 112 48 ) (16 112 80 ) 
12 108 194 (240 -224 0 ) (240 -224 64 ) (224 -224 88 ) (208 -224 100 ) (192 -224 108 ) (176 -224 112 ) (128 -224 112 ) (112 -224 108 ) (96 -224 100 ) (80 -224 88 ) (64 -224 64 ) (64 -224 0 ) 
4 109 113 (1936 -464 272 ) (1872 -464 272 ) (1872 -464 128 ) (1936 -464 128 ) 
4 109 110 (1872 -464 128 ) (1872 -464 272 ) (1872 -240 272 ) (1872 -240 128 ) 
4 110 113 (1872 -464 128 ) (1872 -464 272 ) (1792 -464 272 ) (1792 -464 128 ) 
4 111 120 (1552 -224 272 ) (1552 -224 240 ) (1552 -320 240 ) (1552 -304 272 ) 
5 111 112 (1552 -224 240 ) (1712 -224 240 ) (1712 -304 240 ) (1696 -320 240 ) (1552 -320 240 ) 
4 112 120 (1552 -224 240 ) (1552 -224 128 ) (1552 -320 128 ) (1552 -320 240 ) 
4 113 114 (1936 -480 272 ) (1792 -480 272 ) (1792 -480 128 ) (1936 -480 128 ) 
4 114 151 (2080 -848 128 ) (2080 -848 240 ) (1616 -848 240 ) (1616 -848 128 ) 
4 114 150 (2080 -848 240 ) (2064 -848 272 ) (1632 -848 272 ) (1616 -848 240 ) 
4 114 118 (1616 -768 240 ) (1616 -656 240 ) (1616 -656 128 ) (1616 -768 128 ) 
4 114 115 (1616 -656 240 ) (1616 -768 240 ) (1632 -768 272 ) (1632 -656 272 ) 
4 115 118 (1616 -768 272 ) (1616 -656 272 ) (1616 -656 240 ) (1616 -768 240 ) 
4 116 131 (1552 -656 272 ) (1552 -608 272 ) (1552 -608 240 ) (1552 -656 240 ) 
3 116 130 (1552 -608 272 ) (1552 -592 272 ) (1552 -608 240 ) 
4 116 129 (1552 -592 272 ) (1552 -496 272 ) (1552 -480 240 ) (1552 -608 240 ) 
4 116 118 (1584 -656 272 ) (1552 -656 272 ) (1552 -656 240 ) (1600 -656 240 ) 
5 116 117 (1552 -656 240 ) (1552 -480 240 ) (1584 -480 240 ) (1600 -496 240 ) (1600 -656 240 ) 
4 117 131 (1552 -608 128 ) (1552 -656 128 ) (1552 -656 240 ) (1552 -608 240 ) 
4 117 129 (1552 -480 240 ) (1552 -480 128 ) (1552 -608 128 ) (1552 -608 240 ) 
4 117 118 (1600 -656 240 ) (1552 -656 240 ) (1552 -656 128 ) (1600 -656 128 ) 
4 118 131 (1552 -688 272 ) (1552 -656 272 ) (1552 -656 128 ) (1552 -688 128 ) 
4 118 133 (1552 -768 272 ) (1552 -688 272 ) (1552 -688 128 ) (1552 -768 128 ) 
5 118 119 (1552 -768 128 ) (1600 -768 128 ) (1600 -768 240 ) (1584 -768 272 ) (1552 -768 272 ) 
5 119 159 (1584 -848 272 ) (1552 -848 272 ) (1552 -848 128 ) (1600 -848 128 ) (1600 -848 240 ) 
4 119 133 (1552 -848 128 ) (1552 -848 272 ) (1552 -768 272 ) (1552 -768 128 ) 
5 120 123 (1344 -224 272 ) (1344 -224 128 ) (1344 -320 128 ) (1344 -320 240 ) (1344 -304 272 ) 
4 120 121 (1344 -320 128 ) (1344 -224 128 ) (1360 -224 128 ) (1360 -320 128 ) 
4 121 125 (1344 -224 128 ) (1344 -224 112 ) (1344 -320 112 ) (1344 -320 128 ) 
4 122 126 (1344 -224 112 ) (1344 -224 0 ) (1344 -320 0 ) (1344 -320 112 ) 
4 123 127 (1152 -320 128 ) (1344 -320 128 ) (1344 -320 272 ) (1152 -320 272 ) 
4 123 125 (1184 -224 128 ) (1344 -224 128 ) (1344 -320 128 ) (1184 -320 128 ) 
5 123 124 (1152 -224 272 ) (1152 -224 128 ) (1152 -320 128 ) (1152 -320 240 ) (1152 -304 272 ) 
4 124 177 (1040 -224 240 ) (1040 -224 128 ) (1040 -320 128 ) (1040 -320 240 ) 
4 124 176 (1040 -224 272 ) (1040 -224 240 ) (1040 -320 240 ) (1040 -304 272 ) 
4 125 127 (1344 -320 112 ) (1344 -320 128 ) (1184 -320 128 ) (1200 -320 112 ) 
4 125 126 (1200 -224 112 ) (1344 -224 112 ) (1344 -320 112 ) (1200 -320 112 ) 
4 126 127 (1152 -320 0 ) (1344 -320 0 ) (1344 -320 112 ) (1152 -320 112 ) 
12 127 128 (1152 -464 0 ) (1344 -464 0 ) (1344 -464 64 ) (1328 -464 86 ) (1312 -464 94 ) (1296 -464 100 ) (1264 -464 104 ) (1232 -464 104 ) (1200 -464 100 ) (1184 -464 94 ) (1168 -464 86 ) (1152 -464 64 ) 
12 128 143 (1344 -480 0 ) (1344 -480 64 ) (1328 -480 86 ) (1312 -480 94 ) (1296 -480 100 ) (1264 -480 104 ) (1232 -480 104 ) (1200 -480 100 ) (1184 -480 94 ) (1168 -480 86 ) (1152 -480 64 ) (1152 -480 0 ) 
6 129 179 (1040 -592 272 ) (1040 -496 272 ) (1040 -480 240 ) (1040 -480 128 ) (1040 -608 128 ) (1040 -608 240 ) 
4 129 131 (1552 -608 128 ) (1552 -608 240 ) (1456 -608 240 ) (1456 -608 128 ) 
4 129 130 (1456 -608 240 ) (1552 -608 240 ) (1552 -592 272 ) (1472 -592 272 ) 
4 130 131 (1552 -608 240 ) (1552 -608 272 ) (1472 -608 272 ) (1456 -608 240 ) 
5 131 133 (1456 -688 128 ) (1552 -688 128 ) (1552 -688 272 ) (1472 -688 272 ) (1456 -688 240 ) 
4 132 134 (1040 -688 128 ) (1040 -624 128 ) (1440 -624 128 ) (1440 -688 128 ) 
4 132 133 (1040 -688 272 ) (1040 -688 128 ) (1440 -688 128 ) (1440 -688 272 ) 
4 133 182 (1040 -848 128 ) (1040 -848 272 ) (1040 -688 272 ) (1040 -688 128 ) 
4 133 159 (1552 -848 128 ) (1552 -848 272 ) (1040 -848 272 ) (1040 -848 128 ) 
3 133 137 (1344 -848 128 ) (1312 -848 128 ) (1344 -816 128 ) 
3 133 138 (1216 -752 128 ) (1216 -720 128 ) (1248 -720 128 ) 
3 133 136 (1312 -720 128 ) (1344 -720 128 ) (1344 -752 128 ) 
3 133 139 (1248 -848 128 ) (1216 -848 128 ) (1216 -816 128 ) 
4 133 135 (1440 -848 128 ) (1344 -848 128 ) (1344 -720 128 ) (1440 -720 128 ) 
4 133 140 (1216 -848 128 ) (1040 -848 128 ) (1040 -720 128 ) (1216 -720 128 ) 
4 133 134 (1040 -720 128 ) (1040 -688 128 ) (1440 -688 128 ) (1440 -720 128 ) 
4 134 144 (1040 -720 112 ) (1040 -624 112 ) (1152 -624 112 ) (1152 -720 112 ) 
4 134 143 (1152 -624 112 ) (1344 -624 112 ) (1344 -720 112 ) (1152 -720 112 ) 
4 134 142 (1344 -624 112 ) (1424 -624 112 ) (1424 -720 112 ) (1344 -720 112 ) 
4 134 141 (1424 -624 112 ) (1440 -624 112 ) (1440 -720 112 ) (1424 -720 112 ) 
4 134 138 (1248 -720 128 ) (1216 -720 128 ) (1216 -720 112 ) (1248 -720 112 ) 
4 134 136 (1344 -720 128 ) (1312 -720 128 ) (1312 -720 112 ) (1344 -720 112 ) 
4 134 135 (1440 -720 112 ) (1440 -720 128 ) (1344 -720 128 ) (1344 -720 112 ) 
4 134 140 (1216 -720 128 ) (1040 -720 128 ) (1040 -720 112 ) (1216 -720 112 ) 
4 135 165 (1440 -848 112 ) (1440 -848 128 ) (1344 -848 128 ) (1344 -848 112 ) 
4 135 142 (1424 -848 112 ) (1344 -848 112 ) (1344 -720 112 ) (1424 -720 112 ) 
4 135 141 (1440 -848 112 ) (1424 -848 112 ) (1424 -720 112 ) (1440 -720 112 ) 
4 135 137 (1344 -816 112 ) (1344 -848 112 ) (1344 -848 128 ) (1344 -816 128 ) 
4 135 136 (1344 -720 112 ) (1344 -752 112 ) (1344 -752 128 ) (1344 -720 128 ) 
3 136 145 (1312 -720 112 ) (1344 -720 112 ) (1344 -752 112 ) 
4 137 169 (1344 -848 128 ) (1312 -848 128 ) (1312 -848 112 ) (1344 -848 112 ) 
3 137 146 (1344 -848 112 ) (1312 -848 112 ) (1344 -816 112 ) 
3 138 147 (1216 -752 112 ) (1216 -720 112 ) (1248 -720 112 ) 
4 138 140 (1216 -720 128 ) (1216 -720 112 ) (1216 -752 112 ) (1216 -752 128 ) 
4 139 169 (1248 -848 128 ) (1216 -848 128 ) (1216 -848 112 ) (1248 -848 112 ) 
3 139 148 (1248 -848 112 ) (1216 -848 112 ) (1216 -816 112 ) 
4 139 140 (1216 -816 112 ) (1216 -848 112 ) (1216 -848 128 ) (1216 -816 128 ) 
4 140 169 (1216 -848 128 ) (1040 -848 128 ) (1040 -848 112 ) (1216 -848 112 ) 
4 140 149 (1216 -848 112 ) (1040 -848 112 ) (1040 -720 112 ) (1216 -720 112 ) 
4 141 165 (1440 -848 0 ) (1440 -848 112 ) (1424 -848 112 ) (1424 -848 0 ) 
5 141 142 (1424 -848 0 ) (1424 -848 112 ) (1424 -496 112 ) (1424 -480 80 ) (1424 -480 0 ) 
4 142 165 (1424 -848 112 ) (1344 -848 112 ) (1344 -848 0 ) (1424 -848 0 ) 
4 142 146 (1344 -848 0 ) (1344 -848 112 ) (1344 -816 112 ) (1344 -816 0 ) 
4 142 145 (1344 -752 112 ) (1344 -720 112 ) (1344 -720 0 ) (1344 -752 0 ) 
5 142 143 (1344 -720 112 ) (1344 -496 112 ) (1344 -480 80 ) (1344 -480 0 ) (1344 -720 0 ) 
4 143 147 (1248 -720 112 ) (1216 -720 112 ) (1216 -720 0 ) (1248 -720 0 ) 
4 143 145 (1344 -720 0 ) (1344 -720 112 ) (1312 -720 112 ) (1312 -720 0 ) 
4 143 149 (1216 -720 112 ) (1152 -720 112 ) (1152 -720 0 ) (1216 -720 0 ) 
5 143 144 (1152 -480 80 ) (1152 -480 0 ) (1152 -720 0 ) (1152 -720 112 ) (1152 -496 112 ) 
6 144 193 (1040 -608 112 ) (1040 -496 112 ) (1040 -480 80 ) (1040 -480 0 ) (1040 -624 0 ) (1040 -624 80 ) 
4 144 149 (1152 -720 112 ) (1040 -720 112 ) (1040 -720 0 ) (1152 -720 0 ) 
4 146 169 (1344 -848 0 ) (1344 -848 112 ) (1312 -848 112 ) (1312 -848 0 ) 
4 147 149 (1216 -720 112 ) (1216 -720 0 ) (1216 -752 0 ) (1216 -752 112 ) 
4 148 169 (1248 -848 112 ) (1216 -848 112 ) (1216 -848 0 ) (1248 -848 0 ) 
4 148 149 (1216 -816 0 ) (1216 -848 0 ) (1216 -848 112 ) (1216 -816 112 ) 
4 149 169 (1216 -848 112 ) (1040 -848 112 ) (1040 -848 0 ) (1216 -848 0 ) 
4 150 153 (1824 -864 240 ) (1888 -864 240 ) (1888 -896 240 ) (1824 -896 240 ) 
4 150 152 (1888 -864 240 ) (2080 -864 240 ) (2080 -896 240 ) (1888 -896 240 ) 
4 150 155 (1616 -896 240 ) (1616 -864 240 ) (1824 -864 240 ) (1824 -896 240 ) 
4 150 151 (1616 -864 240 ) (1616 -848 240 ) (2080 -848 240 ) (2080 -864 240 ) 
6 150 156 (1616 -1296 240 ) (1616 -896 240 ) (2080 -896 240 ) (2080 -1296 240 ) (2064 -1312 240 ) (1632 -1312 240 ) 
4 151 153 (1824 -864 112 ) (1888 -864 112 ) (1888 -864 240 ) (1824 -864 240 ) 
4 151 152 (1888 -864 112 ) (2080 -864 112 ) (2080 -864 240 ) (1888 -864 240 ) 
4 151 155 (1616 -864 240 ) (1616 -864 112 ) (1824 -864 112 ) (1824 -864 240 ) 
4 152 154 (1888 -864 0 ) (1888 -896 0 ) (1888 -896 80 ) (1888 -864 80 ) 
4 152 153 (1888 -896 80 ) (1888 -896 240 ) (1888 -864 240 ) (1888 -864 80 ) 
4 152 156 (1888 -896 0 ) (2080 -896 0 ) (2080 -896 240 ) (1888 -896 240 ) 
4 153 156 (1888 -896 80 ) (1888 -896 240 ) (1824 -896 240 ) (1824 -896 80 ) 
4 153 155 (1824 -864 240 ) (1824 -864 80 ) (1824 -896 80 ) (1824 -896 240 ) 
4 153 154 (1888 -896 80 ) (1824 -896 80 ) (1824 -864 80 ) (1888 -864 80 ) 
4 154 156 (1824 -896 0 ) (1888 -896 0 ) (1888 -896 80 ) (1824 -896 80 ) 
4 154 155 (1824 -864 80 ) (1824 -864 0 ) (1824 -896 0 ) (1824 -896 80 ) 
4 155 156 (1616 -896 0 ) (1824 -896 0 ) (1824 -896 240 ) (1616 -896 240 ) 
12 156 157 (1616 -1008 0 ) (1616 -1168 0 ) (1616 -1168 88 ) (1616 -1152 102 ) (1616 -1136 112 ) (1616 -1120 118 ) (1616 -1104 120 ) (1616 -1072 120 ) (1616 -1056 118 ) (1616 -1040 112 ) (1616 -1024 102 ) (1616 -1008 88 ) 
12 157 166 (1600 -1008 0 ) (1600 -1168 0 ) (1600 -1168 88 ) (1600 -1152 102 ) (1600 -1136 112 ) (1600 -1120 118 ) (1600 -1104 120 ) (1600 -1072 120 ) (1600 -1056 118 ) (1600 -1040 112 ) (1600 -1024 102 ) (1600 -1008 88 ) 
3 158 160 (1600 -1440 240 ) (1600 -1456 208 ) (1584 -1456 240 ) 
4 159 210 (1040 -1232 272 ) (1040 -848 272 ) (1040 -848 128 ) (1040 -1232 128 ) 
3 159 172 (1216 -1056 128 ) (1248 -1056 128 ) (1216 -1088 128 ) 
3 159 171 (1344 -1152 128 ) (1344 -1184 128 ) (1312 -1184 128 ) 
3 159 173 (1248 -1184 128 ) (1216 -1184 128 ) (1216 -1152 128 ) 
3 159 170 (1312 -1056 128 ) (1344 -1056 128 ) (1344 -1088 128 ) 
4 159 174 (1344 -1184 128 ) (1344 -1232 128 ) (1216 -1232 128 ) (1216 -1184 128 ) 
4 159 175 (1040 -1232 128 ) (1040 -1056 128 ) (1216 -1056 128 ) (1216 -1232 128 ) 
4 159 169 (1040 -1056 128 ) (1040 -848 128 ) (1344 -848 128 ) (1344 -1056 128 ) 
4 159 167 (1600 -1168 128 ) (1600 -1184 128 ) (1440 -1184 128 ) (1440 -1168 128 ) 
4 159 168 (1440 -1232 128 ) (1344 -1232 128 ) (1344 -1168 128 ) (1440 -1168 128 ) 
4 159 166 (1600 -1008 128 ) (1600 -1168 128 ) (1344 -1168 128 ) (1344 -1008 128 ) 
4 159 164 (1600 -992 128 ) (1600 -1008 128 ) (1440 -1008 128 ) (1440 -992 128 ) 
4 159 165 (1344 -848 128 ) (1440 -848 128 ) (1440 -1008 128 ) (1344 -1008 128 ) 
4 159 162 (1440 -1232 272 ) (1040 -1232 272 ) (1040 -1232 128 ) (1440 -1232 128 ) 
6 159 160 (1600 -1232 128 ) (1600 -1232 240 ) (1584 -1232 272 ) (1472 -1232 272 ) (1456 -1232 240 ) (1456 -1232 128 ) 
4 160 163 (1456 -1312 128 ) (1456 -1456 128 ) (1456 -1456 240 ) (1456 -1312 240 ) 
4 160 161 (1456 -1312 240 ) (1456 -1456 240 ) (1472 -1440 272 ) (1472 -1328 272 ) 
4 161 163 (1456 -1456 240 ) (1456 -1440 272 ) (1456 -1328 272 ) (1456 -1312 240 ) 
4 162 174 (1216 -1232 128 ) (1344 -1232 128 ) (1344 -1296 128 ) (1216 -1296 128 ) 
4 162 175 (1040 -1296 128 ) (1040 -1232 128 ) (1216 -1232 128 ) (1216 -1296 128 ) 
4 162 168 (1344 -1232 128 ) (1440 -1232 128 ) (1440 -1296 128 ) (1344 -1296 128 ) 
4 163 214 (1040 -1456 128 ) (1040 -1456 240 ) (1040 -1312 240 ) (1040 -1312 128 ) 
4 163 211 (1040 -1456 240 ) (1040 -1440 272 ) (1040 -1328 272 ) (1040 -1312 240 ) 
4 164 166 (1600 -1008 112 ) (1600 -1008 128 ) (1440 -1008 128 ) (1440 -1008 112 ) 
3 164 165 (1440 -1008 128 ) (1440 -992 128 ) (1440 -1008 112 ) 
4 165 169 (1344 -1008 128 ) (1344 -848 128 ) (1344 -848 0 ) (1344 -1008 0 ) 
4 165 166 (1344 -1008 0 ) (1440 -1008 0 ) (1440 -1008 128 ) (1344 -1008 128 ) 
4 166 171 (1344 -1168 128 ) (1344 -1152 128 ) (1344 -1152 0 ) (1344 -1168 0 ) 
4 166 170 (1344 -1088 128 ) (1344 -1056 128 ) (1344 -1056 0 ) (1344 -1088 0 ) 
4 166 169 (1344 -1056 128 ) (1344 -1008 128 ) (1344 -1008 0 ) (1344 -1056 0 ) 
4 166 167 (1600 -1168 112 ) (1600 -1168 128 ) (1440 -1168 128 ) (1440 -1168 112 ) 
4 166 168 (1344 -1168 128 ) (1344 -1168 0 ) (1440 -1168 0 ) (1440 -1168 128 ) 
3 167 168 (1440 -1184 128 ) (1440 -1168 128 ) (1440 -1168 112 ) 
4 168 171 (1344 -1184 128 ) (1344 -1168 128 ) (1344 -1168 0 ) (1344 -1184 0 ) 
4 168 174 (1344 -1296 0 ) (1344 -1296 128 ) (1344 -1184 128 ) (1344 -1184 0 ) 
4 169 172 (1216 -1056 0 ) (1248 -1056 0 ) (1248 -1056 128 ) (1216 -1056 128 ) 
4 169 170 (1312 -1056 0 ) (1344 -1056 0 ) (1344 -1056 128 ) (1312 -1056 128 ) 
4 169 175 (1040 -1056 128 ) (1040 -1056 0 ) (1216 -1056 0 ) (1216 -1056 128 ) 
4 171 174 (1312 -1184 0 ) (1344 -1184 0 ) (1344 -1184 128 ) (1312 -1184 128 ) 
4 172 175 (1216 -1056 0 ) (1216 -1088 0 ) (1216 -1088 128 ) (1216 -1056 128 ) 
4 173 175 (1216 -1152 0 ) (1216 -1184 0 ) (1216 -1184 128 ) (1216 -1152 128 ) 
4 173 174 (1216 -1184 0 ) (1248 -1184 0 ) (1248 -1184 128 ) (1216 -1184 128 ) 
4 174 175 (1216 -1184 0 ) (1216 -1296 0 ) (1216 -1296 128 ) (1216 -1184 128 ) 
5 176 177 (912 -224 240 ) (1040 -224 240 ) (1040 -320 240 ) (928 -320 240 ) (912 -304 240 ) 
4 178 189 (628 -224 272 ) (656 -224 160 ) (656 -240 160 ) (628 -240 272 ) 
4 178 190 (664 -240 128 ) (664 -480 128 ) (628 -480 272 ) (628 -240 272 ) 
5 178 181 (664 -480 128 ) (768 -480 128 ) (768 -480 240 ) (752 -480 272 ) (628 -480 272 ) 
4 179 184 (824 -608 128 ) (1024 -608 128 ) (1024 -608 240 ) (768 -608 240 ) 
4 179 180 (768 -608 240 ) (1024 -608 240 ) (1008 -592 272 ) (752 -592 272 ) 
6 179 181 (824 -480 128 ) (824 -608 128 ) (768 -608 240 ) (752 -592 272 ) (752 -496 272 ) (768 -480 240 ) 
4 180 184 (1008 -608 272 ) (752 -608 272 ) (768 -608 240 ) (1024 -608 240 ) 
3 180 181 (768 -608 240 ) (752 -608 272 ) (752 -592 272 ) 
4 181 190 (664 -480 128 ) (664 -608 128 ) (628 -608 272 ) (628 -480 272 ) 
4 181 184 (628 -608 272 ) (664 -608 128 ) (824 -608 128 ) (752 -608 272 ) 
4 182 210 (1040 -848 128 ) (1040 -848 272 ) (1024 -848 272 ) (1024 -848 128 ) 
4 182 187 (1024 -688 128 ) (1024 -848 128 ) (1024 -848 240 ) (1024 -688 240 ) 
4 182 183 (1024 -848 240 ) (1024 -848 272 ) (1024 -688 272 ) (1024 -688 240 ) 
3 183 210 (1024 -848 272 ) (1008 -848 272 ) (1024 -848 240 ) 
4 183 187 (1024 -688 240 ) (1024 -848 240 ) (1008 -848 272 ) (1008 -688 272 ) 
4 184 190 (664 -608 128 ) (664 -624 128 ) (636 -624 240 ) (628 -608 272 ) 
4 184 188 (664 -624 128 ) (768 -624 128 ) (768 -624 240 ) (636 -624 240 ) 
4 184 187 (880 -624 128 ) (1024 -624 128 ) (1024 -624 240 ) (880 -624 240 ) 
4 184 185 (880 -624 240 ) (1024 -624 240 ) (1008 -608 272 ) (896 -608 272 ) 
4 184 186 (628 -608 272 ) (636 -624 240 ) (768 -624 240 ) (752 -608 272 ) 
4 185 187 (1024 -624 240 ) (1008 -624 272 ) (896 -624 272 ) (880 -624 240 ) 
3 186 190 (636 -624 240 ) (628 -624 272 ) (628 -608 272 ) 
4 186 188 (752 -624 272 ) (628 -624 272 ) (636 -624 240 ) (768 -624 240 ) 
6 187 210 (1008 -848 272 ) (896 -848 272 ) (880 -848 240 ) (880 -848 128 ) (1024 -848 128 ) (1024 -848 240 ) 
4 188 216 (636 -848 240 ) (664 -848 128 ) (768 -848 128 ) (768 -848 240 ) 
4 188 215 (752 -848 272 ) (628 -848 272 ) (636 -848 240 ) (768 -848 240 ) 
3 188 191 (628 -720 272 ) (628 -704 272 ) (636 -704 240 ) 
5 188 192 (664 -704 128 ) (664 -848 128 ) (628 -848 272 ) (628 -720 272 ) (636 -704 240 ) 
4 188 190 (664 -624 128 ) (664 -704 128 ) (628 -704 272 ) (628 -624 272 ) 
5 189 190 (624 -240 272 ) (608 -240 240 ) (608 -240 160 ) (656 -240 160 ) (628 -240 272 ) 
4 190 191 (636 -704 240 ) (628 -704 272 ) (624 -704 272 ) (608 -704 240 ) 
4 190 192 (664 -704 128 ) (636 -704 240 ) (608 -704 240 ) (608 -704 128 ) 
4 191 192 (608 -704 240 ) (636 -704 240 ) (628 -720 272 ) (624 -720 272 ) 
4 192 216 (592 -848 240 ) (592 -848 128 ) (664 -848 128 ) (636 -848 240 ) 
4 192 215 (628 -848 272 ) (592 -848 272 ) (592 -848 240 ) (636 -848 240 ) 
4 192 196 (592 -848 240 ) (592 -848 272 ) (592 -720 272 ) (592 -704 240 ) 
4 192 197 (592 -704 128 ) (592 -848 128 ) (592 -848 240 ) (592 -704 240 ) 
4 193 208 (592 -624 0 ) (592 -624 16 ) (592 -480 16 ) (592 -480 0 ) 
4 193 206 (592 -624 16 ) (592 -624 32 ) (592 -480 32 ) (592 -480 16 ) 
4 193 203 (592 -624 32 ) (592 -624 64 ) (592 -480 64 ) (592 -480 32 ) 
6 193 198 (592 -624 64 ) (592 -624 80 ) (592 -608 112 ) (592 -496 112 ) (592 -480 80 ) (592 -480 64 ) 
4 194 209 (144 -368 16 ) (64 -368 16 ) (64 -368 0 ) (144 -368 0 ) 
4 194 208 (240 -368 0 ) (240 -368 16 ) (144 -368 16 ) (144 -368 0 ) 
4 194 207 (144 -368 32 ) (64 -368 32 ) (64 -368 16 ) (144 -368 16 ) 
4 194 206 (240 -368 16 ) (240 -368 32 ) (144 -368 32 ) (144 -368 16 ) 
4 194 204 (144 -368 64 ) (64 -368 64 ) (64 -368 32 ) (144 -368 32 ) 
4 194 203 (240 -368 32 ) (240 -368 64 ) (144 -368 64 ) (144 -368 32 ) 
7 194 199 (144 -368 112 ) (128 -368 112 ) (112 -368 108 ) (96 -368 100 ) (80 -368 88 ) (64 -368 64 ) (144 -368 64 ) 
7 194 198 (240 -368 64 ) (224 -368 88 ) (208 -368 100 ) (192 -368 108 ) (176 -368 112 ) (144 -368 112 ) (144 -368 64 ) 
6 195 197 (0 -704 240 ) (0 -384 240 ) (16 -368 240 ) (576 -368 240 ) (592 -384 240 ) (592 -704 240 ) 
4 195 196 (0 -704 240 ) (592 -704 240 ) (576 -720 272 ) (16 -720 272 ) 
3 196 217 (16 -848 272 ) (0 -848 240 ) (16 -848 240 ) 
4 196 215 (592 -848 240 ) (592 -848 272 ) (16 -848 272 ) (16 -848 240 ) 
4 196 197 (592 -848 240 ) (0 -848 240 ) (0 -704 240 ) (592 -704 240 ) 
4 197 217 (16 -848 240 ) (0 -848 240 ) (0 -848 128 ) (16 -848 128 ) 
4 197 216 (592 -848 128 ) (592 -848 240 ) (16 -848 240 ) (16 -848 128 ) 
4 197 202 (144 -688 128 ) (144 -704 128 ) (0 -704 128 ) (0 -688 128 ) 
4 197 200 (144 -656 128 ) (144 -688 128 ) (0 -688 128 ) (0 -656 128 ) 
4 197 199 (0 -368 128 ) (144 -368 128 ) (144 -656 128 ) (0 -656 128 ) 
4 197 198 (144 -368 128 ) (592 -368 128 ) (592 -704 128 ) (144 -704 128 ) 
4 198 203 (144 -368 64 ) (592 -368 64 ) (592 -704 64 ) (144 -704 64 ) 
4 198 202 (144 -704 112 ) (144 -704 128 ) (144 -688 128 ) (144 -688 112 ) 
4 198 201 (144 -656 96 ) (144 -656 80 ) (144 -672 80 ) (144 -672 96 ) 
4 198 200 (144 -688 128 ) (144 -656 128 ) (144 -656 96 ) (144 -688 96 ) 
4 198 199 (144 -656 128 ) (144 -368 128 ) (144 -368 64 ) (144 -656 64 ) 
4 199 205 (0 -640 64 ) (0 -624 64 ) (144 -624 64 ) (144 -640 64 ) 
4 199 204 (0 -624 64 ) (0 -368 64 ) (144 -368 64 ) (144 -624 64 ) 
4 199 201 (0 -656 96 ) (0 -656 80 ) (144 -656 80 ) (144 -656 96 ) 
4 199 200 (0 -656 128 ) (0 -656 96 ) (144 -656 96 ) (144 -656 128 ) 
4 200 202 (144 -688 112 ) (144 -688 128 ) (0 -688 128 ) (0 -688 112 ) 
4 200 201 (0 -672 96 ) (0 -656 96 ) (144 -656 96 ) (144 -672 96 ) 
4 203 206 (592 -704 32 ) (144 -704 32 ) (144 -368 32 ) (592 -368 32 ) 
4 203 205 (144 -640 64 ) (144 -624 64 ) (144 -624 48 ) (144 -640 48 ) 
4 203 204 (144 -368 64 ) (144 -368 32 ) (144 -624 32 ) (144 -624 64 ) 
4 204 207 (0 -608 32 ) (0 -368 32 ) (144 -368 32 ) (144 -608 32 ) 
4 204 205 (144 -624 48 ) (144 -624 64 ) (0 -624 64 ) (0 -624 48 ) 
4 206 208 (144 -368 16 ) (592 -368 16 ) (592 -704 16 ) (144 -704 16 ) 
4 206 207 (144 -368 32 ) (144 -368 16 ) (144 -608 16 ) (144 -608 32 ) 
4 207 209 (0 -592 16 ) (0 -368 16 ) (144 -368 16 ) (144 -592 16 ) 
4 208 209 (144 -368 16 ) (144 -368 0 ) (144 -592 0 ) (144 -592 16 ) 
4 210 213 (880 -1232 240 ) (880 -1232 128 ) (1024 -1232 128 ) (1024 -1232 240 ) 
4 210 212 (896 -1232 272 ) (880 -1232 240 ) (1024 -1232 240 ) (1008 -1232 272 ) 
4 211 214 (1040 -1456 240 ) (1024 -1456 240 ) (1024 -1312 240 ) (1040 -1312 240 ) 
4 211 212 (1024 -1312 240 ) (1024 -1456 240 ) (1008 -1440 272 ) (1008 -1328 272 ) 
5 212 214 (1024 -1456 240 ) (896 -1456 240 ) (880 -1440 240 ) (880 -1312 240 ) (1024 -1312 240 ) 
4 212 213 (880 -1312 240 ) (880 -1232 240 ) (1024 -1232 240 ) (1024 -1312 240 ) 
4 213 214 (1024 -1312 128 ) (1024 -1312 240 ) (880 -1312 240 ) (880 -1312 128 ) 
3 215 217 (16 -848 272 ) (16 -848 240 ) (16 -864 240 ) 
4 215 216 (16 -848 240 ) (768 -848 240 ) (752 -864 240 ) (16 -864 240 ) 
4 216 217 (16 -864 240 ) (16 -848 240 ) (16 -848 128 ) (16 -864 128 ) 
