PRT1
216
511
4 0 5 (1632 848 240 ) (1632 848 128 ) (1728 848 128 ) (1728 848 240 ) 
4 0 4 (1728 848 272 ) (1648 848 272 ) (1632 848 240 ) (1728 848 240 ) 
4 0 2 (1872 848 272 ) (1728 848 272 ) (1728 848 128 ) (1872 848 128 ) 
5 0 1 (2016 848 128 ) (2016 848 240 ) (2000 848 272 ) (1872 848 272 ) (1872 848 128 ) 
5 1 9 (2016 496 128 ) (2016 496 240 ) (2000 496 272 ) (1872 496 272 ) (1872 496 128 ) 
4 1 3 (1872 512 272 ) (1872 704 272 ) (1872 632 128 ) (1872 512 128 ) 
4 1 2 (1872 704 272 ) (1872 848 272 ) (1872 848 128 ) (1872 632 128 ) 
6 2 5 (1728 848 240 ) (1728 848 128 ) (1728 688 128 ) (1728 688 240 ) (1728 704 272 ) (1728 832 272 ) 
3 2 4 (1728 848 272 ) (1728 848 240 ) (1728 832 272 ) 
5 2 3 (1728 688 240 ) (1728 632 128 ) (1872 632 128 ) (1872 704 272 ) (1744 704 272 ) 
4 4 5 (1728 848 240 ) (1728 832 272 ) (1648 832 272 ) (1632 848 240 ) 
6 5 6 (1376 688 128 ) (1376 688 240 ) (1376 704 272 ) (1376 832 272 ) (1376 848 240 ) (1376 848 128 ) 
6 6 50 (912 704 272 ) (912 832 272 ) (912 848 240 ) (912 848 128 ) (912 688 128 ) (912 688 240 ) 
4 6 8 (1376 688 128 ) (1376 688 240 ) (1216 688 240 ) (1216 688 128 ) 
4 6 7 (1216 688 240 ) (1376 688 240 ) (1360 704 272 ) (1232 704 272 ) 
4 7 8 (1376 688 240 ) (1360 688 272 ) (1232 688 272 ) (1216 688 240 ) 
6 8 20 (1376 496 128 ) (1376 496 240 ) (1360 496 272 ) (1232 496 272 ) (1216 496 240 ) (1216 496 128 ) 
4 9 11 (1872 496 128 ) (1872 160 128 ) (1872 160 272 ) (1872 496 272 ) 
5 10 14 (1872 64 128 ) (2016 64 128 ) (2016 64 240 ) (2000 64 272 ) (1872 64 272 ) 
4 10 11 (1872 144 128 ) (1872 64 128 ) (1872 64 272 ) (1872 144 272 ) 
5 11 14 (1728 64 128 ) (1872 64 128 ) (1872 64 272 ) (1744 64 272 ) (1728 64 240 ) 
4 12 22 (1376 112 272 ) (1376 272 272 ) (1376 288 240 ) (1376 112 240 ) 
4 12 23 (1376 64 240 ) (1376 64 272 ) (1376 112 272 ) (1376 112 240 ) 
4 12 16 (1712 64 240 ) (1696 64 272 ) (1376 64 272 ) (1376 64 240 ) 
5 12 13 (1712 64 240 ) (1376 64 240 ) (1376 288 240 ) (1696 288 240 ) (1712 272 240 ) 
4 13 22 (1376 288 128 ) (1376 112 128 ) (1376 112 240 ) (1376 288 240 ) 
4 13 23 (1376 112 128 ) (1376 64 128 ) (1376 64 240 ) (1376 112 240 ) 
4 13 18 (1552 64 128 ) (1376 64 128 ) (1376 112 128 ) (1552 112 128 ) 
4 13 16 (1376 64 128 ) (1712 64 128 ) (1712 64 240 ) (1376 64 240 ) 
4 14 16 (1712 64 272 ) (1712 64 128 ) (1712 -128 128 ) (1712 -128 272 ) 
6 14 15 (1728 -128 128 ) (2016 -128 128 ) (2016 -128 240 ) (2000 -128 272 ) (1744 -128 272 ) (1728 -128 240 ) 
5 15 108 (2016 -224 128 ) (2016 -224 240 ) (2000 -224 272 ) (1872 -224 272 ) (1872 -224 128 ) 
4 16 31 (1376 -96 128 ) (1376 -128 128 ) (1376 -128 272 ) (1376 -96 272 ) 
4 16 25 (1376 32 128 ) (1376 -96 128 ) (1376 -96 272 ) (1376 32 272 ) 
4 16 23 (1376 64 128 ) (1376 32 128 ) (1376 32 272 ) (1376 64 272 ) 
4 16 18 (1376 -128 128 ) (1376 64 128 ) (1552 64 128 ) (1552 -128 128 ) 
5 16 17 (1376 -128 272 ) (1376 -128 128 ) (1712 -128 128 ) (1712 -128 240 ) (1696 -128 272 ) 
4 17 120 (1552 -224 272 ) (1376 -224 272 ) (1376 -224 128 ) (1552 -224 128 ) 
4 17 111 (1552 -224 240 ) (1552 -224 128 ) (1712 -224 128 ) (1712 -224 240 ) 
4 17 110 (1696 -224 272 ) (1552 -224 272 ) (1552 -224 240 ) (1712 -224 240 ) 
4 17 31 (1376 -128 128 ) (1376 -224 128 ) (1376 -224 272 ) (1376 -128 272 ) 
4 17 18 (1376 -176 128 ) (1376 -128 128 ) (1552 -128 128 ) (1552 -176 128 ) 
4 18 32 (1376 -176 128 ) (1376 -96 128 ) (1376 -96 112 ) (1376 -176 112 ) 
4 18 27 (1376 -64 113.600000 ) (1376 -96 113.600000 ) (1376 -96 126.400000 ) (1376 -64 126.400000 ) 
4 18 26 (1376 32 126.400000 ) (1376 32 113.600000 ) (1376 0 113.600000 ) (1376 0 126.400000 ) 
4 18 30 (1376 32 113.600000 ) (1376 32 112 ) (1376 -96 112 ) (1376 -96 113.600000 ) 
4 18 25 (1376 -96 128 ) (1376 32 128 ) (1376 32 126.400000 ) (1376 -96 126.400000 ) 
4 18 23 (1376 32 128 ) (1376 112 128 ) (1376 112 112 ) (1376 32 112 ) 
4 18 19 (1376 -176 112 ) (1376 112 112 ) (1552 112 112 ) (1552 -176 112 ) 
4 19 122 (1552 -224 0 ) (1552 -224 112 ) (1376 -224 112 ) (1376 -224 0 ) 
4 19 48 (1376 -224 0 ) (1376 -224 112 ) (1376 -96 112 ) (1376 -96 0 ) 
4 19 45 (1376 -96 112 ) (1376 -64 112 ) (1376 -64 0 ) (1376 -96 0 ) 
4 19 44 (1376 0 112 ) (1376 32 112 ) (1376 32 0 ) (1376 0 0 ) 
4 19 43 (1376 32 112 ) (1376 112 112 ) (1376 112 0 ) (1376 32 0 ) 
4 19 41 (1376 112 112 ) (1376 288 112 ) (1376 288 0 ) (1376 112 0 ) 
4 20 21 (1376 288 240 ) (1360 288 272 ) (1232 288 272 ) (1216 288 240 ) 
4 20 22 (1376 288 128 ) (1376 288 240 ) (1216 288 240 ) (1216 288 128 ) 
4 21 22 (1216 288 240 ) (1376 288 240 ) (1360 272 272 ) (1232 272 272 ) 
4 22 23 (1376 112 128 ) (1376 112 272 ) (1152 112 272 ) (1152 112 128 ) 
4 23 43 (1376 112 112 ) (1376 32 112 ) (1152 32 112 ) (1152 112 112 ) 
4 23 34 (1152 32 112 ) (1248 32 112 ) (1248 32 272 ) (1152 32 272 ) 
4 23 28 (1280 32 126.400000 ) (1248 32 126.400000 ) (1248 32 113.600000 ) (1280 32 113.600000 ) 
4 23 26 (1376 32 113.600000 ) (1376 32 126.400000 ) (1344 32 126.400000 ) (1344 32 113.600000 ) 
4 23 30 (1248 32 112 ) (1376 32 112 ) (1376 32 113.600000 ) (1248 32 113.600000 ) 
4 23 25 (1376 32 126.400000 ) (1376 32 272 ) (1248 32 272 ) (1248 32 126.400000 ) 
4 23 24 (1152 112 112 ) (1152 32 112 ) (1152 32 272 ) (1152 112 272 ) 
4 24 43 (1152 32 112 ) (1072 32 112 ) (1072 112 112 ) (1152 112 112 ) 
4 24 40 (1072 32 128 ) (1072 32 240 ) (1072 112 240 ) (1072 112 128 ) 
4 24 37 (1072 32 240 ) (1072 32 272 ) (1072 112 272 ) (1072 112 240 ) 
4 24 34 (1072 32 112 ) (1152 32 112 ) (1152 32 272 ) (1072 32 272 ) 
4 25 34 (1248 32 272 ) (1248 32 126.400000 ) (1248 -96 126.400000 ) (1248 -96 272 ) 
4 25 32 (1376 -96 126.400000 ) (1376 -96 128 ) (1248 -96 128 ) (1248 -96 126.400000 ) 
4 25 31 (1376 -96 128 ) (1376 -96 272 ) (1248 -96 272 ) (1248 -96 128 ) 
3 25 27 (1376 -64 126.400000 ) (1376 -96 126.400000 ) (1344 -96 126.400000 ) 
3 25 28 (1248 0 126.400000 ) (1248 32 126.400000 ) (1280 32 126.400000 ) 
3 25 26 (1344 32 126.400000 ) (1376 32 126.400000 ) (1376 0 126.400000 ) 
3 25 29 (1248 -96 126.400000 ) (1248 -64 126.400000 ) (1280 -96 126.400000 ) 
3 26 30 (1344 32 113.600000 ) (1376 32 113.600000 ) (1376 0 113.600000 ) 
4 27 32 (1376 -96 113.600000 ) (1376 -96 126.400000 ) (1344 -96 126.400000 ) (1344 -96 113.600000 ) 
3 27 30 (1376 -96 113.600000 ) (1344 -96 113.600000 ) (1376 -64 113.600000 ) 
4 28 34 (1248 32 126.400000 ) (1248 32 113.600000 ) (1248 0 113.600000 ) (1248 0 126.400000 ) 
3 28 30 (1248 0 113.600000 ) (1248 32 113.600000 ) (1280 32 113.600000 ) 
4 29 34 (1248 -64 113.600000 ) (1248 -96 113.600000 ) (1248 -96 126.400000 ) (1248 -64 126.400000 ) 
4 29 32 (1280 -96 126.400000 ) (1248 -96 126.400000 ) (1248 -96 113.600000 ) (1280 -96 113.600000 ) 
3 29 30 (1280 -96 113.600000 ) (1248 -96 113.600000 ) (1248 -64 113.600000 ) 
3 30 45 (1376 -64 112 ) (1376 -96 112 ) (1344 -96 112 ) 
3 30 46 (1248 0 112 ) (1248 32 112 ) (1280 32 112 ) 
3 30 44 (1376 32 112 ) (1376 0 112 ) (1344 32 112 ) 
3 30 47 (1280 -96 112 ) (1248 -96 112 ) (1248 -64 112 ) 
4 30 34 (1248 32 113.600000 ) (1248 32 112 ) (1248 -96 112 ) (1248 -96 113.600000 ) 
4 30 32 (1248 -96 112 ) (1376 -96 112 ) (1376 -96 113.600000 ) (1248 -96 113.600000 ) 
4 31 123 (1344 -224 272 ) (1248 -224 272 ) (1248 -224 128 ) (1344 -224 128 ) 
4 31 120 (1376 -224 128 ) (1376 -224 272 ) (1344 -224 272 ) (1344 -224 128 ) 
4 31 35 (1248 -224 128 ) (1248 -224 272 ) (1248 -176 272 ) (1248 -176 128 ) 
4 31 34 (1248 -176 272 ) (1248 -96 272 ) (1248 -96 128 ) (1248 -176 128 ) 
4 31 33 (1360 -224 128 ) (1248 -224 128 ) (1248 -176 128 ) (1360 -176 128 ) 
4 31 32 (1248 -176 128 ) (1248 -96 128 ) (1376 -96 128 ) (1376 -176 128 ) 
4 32 48 (1376 -96 112 ) (1376 -176 112 ) (1248 -176 112 ) (1248 -96 112 ) 
4 32 34 (1248 -96 112 ) (1248 -176 112 ) (1248 -176 128 ) (1248 -96 128 ) 
4 32 33 (1248 -176 128 ) (1248 -176 112 ) (1344 -176 112 ) (1360 -176 128 ) 
4 33 125 (1344 -224 128 ) (1248 -224 128 ) (1248 -224 112 ) (1344 -224 112 ) 
3 33 121 (1360 -224 128 ) (1344 -224 128 ) (1344 -224 112 ) 
4 33 48 (1344 -224 112 ) (1248 -224 112 ) (1248 -176 112 ) (1344 -176 112 ) 
4 33 36 (1248 -176 112 ) (1248 -224 112 ) (1248 -224 128 ) (1248 -176 128 ) 
4 34 49 (1072 -176 112 ) (1072 32 112 ) (1248 32 112 ) (1248 -176 112 ) 
4 34 40 (1072 -176 128 ) (1072 -176 240 ) (1072 32 240 ) (1072 32 128 ) 
4 34 37 (1072 -176 240 ) (1072 -176 272 ) (1072 32 272 ) (1072 32 240 ) 
4 34 36 (1200 -176 112 ) (1248 -176 112 ) (1248 -176 128 ) (1184 -176 128 ) 
4 34 35 (1248 -176 128 ) (1248 -176 272 ) (1072 -176 272 ) (1072 -176 128 ) 
4 35 124 (1152 -224 272 ) (1072 -224 272 ) (1072 -224 128 ) (1152 -224 128 ) 
4 35 123 (1248 -224 272 ) (1152 -224 272 ) (1152 -224 128 ) (1248 -224 128 ) 
4 35 40 (1072 -224 128 ) (1072 -224 240 ) (1072 -176 240 ) (1072 -176 128 ) 
4 35 37 (1072 -224 240 ) (1072 -224 272 ) (1072 -176 272 ) (1072 -176 240 ) 
4 35 36 (1248 -224 128 ) (1184 -224 128 ) (1184 -176 128 ) (1248 -176 128 ) 
4 36 125 (1200 -224 112 ) (1248 -224 112 ) (1248 -224 128 ) (1184 -224 128 ) 
4 36 49 (1248 -224 112 ) (1200 -224 112 ) (1200 -176 112 ) (1248 -176 112 ) 
3 37 124 (1072 -224 272 ) (1056 -224 272 ) (1072 -224 240 ) 
4 37 39 (1072 112 240 ) (1072 -224 240 ) (1056 -224 272 ) (1056 112 272 ) 
4 38 70 (912 144 272 ) (912 272 272 ) (912 272 240 ) (912 128 240 ) 
3 38 68 (912 272 272 ) (912 288 240 ) (912 272 240 ) 
5 38 40 (1072 272 240 ) (1072 128 240 ) (912 128 240 ) (912 288 240 ) (1056 288 240 ) 
4 38 39 (1072 128 240 ) (1056 128 272 ) (928 128 272 ) (912 128 240 ) 
4 39 178 (1040 -224 272 ) (928 -224 272 ) (912 -224 240 ) (1040 -224 240 ) 
4 39 124 (1056 -224 272 ) (1040 -224 272 ) (1040 -224 240 ) (1072 -224 240 ) 
4 39 40 (1072 128 240 ) (1072 -224 240 ) (912 -224 240 ) (912 128 240 ) 
4 40 179 (912 -224 240 ) (912 -224 128 ) (1040 -224 128 ) (1040 -224 240 ) 
4 40 124 (1040 -224 128 ) (1072 -224 128 ) (1072 -224 240 ) (1040 -224 240 ) 
4 40 70 (912 128 240 ) (912 272 240 ) (912 272 128 ) (912 128 128 ) 
4 40 68 (912 272 240 ) (912 288 240 ) (912 288 128 ) (912 272 128 ) 
4 41 43 (1376 112 112 ) (1072 112 112 ) (1072 112 0 ) (1376 112 0 ) 
6 41 42 (1072 288 80 ) (1072 288 0 ) (1072 112 0 ) (1072 112 80 ) (1072 128 112 ) (1072 272 112 ) 
6 42 79 (912 112 0 ) (912 112 80 ) (912 128 112 ) (912 256 112 ) (912 272 80 ) (912 272 0 ) 
3 42 78 (912 256 112 ) (912 272 112 ) (912 272 80 ) 
4 42 76 (912 272 112 ) (912 288 80 ) (912 288 0 ) (912 272 0 ) 
4 43 49 (1248 32 112 ) (1072 32 112 ) (1072 32 0 ) (1248 32 0 ) 
4 43 46 (1280 32 112 ) (1248 32 112 ) (1248 32 0 ) (1280 32 0 ) 
4 43 44 (1376 32 0 ) (1376 32 112 ) (1344 32 112 ) (1344 32 0 ) 
4 45 48 (1376 -96 0 ) (1376 -96 112 ) (1344 -96 112 ) (1344 -96 0 ) 
4 46 49 (1248 32 112 ) (1248 32 0 ) (1248 0 0 ) (1248 0 112 ) 
4 47 49 (1248 -64 0 ) (1248 -96 0 ) (1248 -96 112 ) (1248 -64 112 ) 
4 47 48 (1280 -96 112 ) (1248 -96 112 ) (1248 -96 0 ) (1280 -96 0 ) 
4 48 126 (1344 -224 112 ) (1248 -224 112 ) (1248 -224 0 ) (1344 -224 0 ) 
4 48 122 (1376 -224 0 ) (1376 -224 112 ) (1344 -224 112 ) (1344 -224 0 ) 
4 48 49 (1248 -224 0 ) (1248 -224 112 ) (1248 -96 112 ) (1248 -96 0 ) 
4 49 126 (1248 -224 0 ) (1248 -224 112 ) (1072 -224 112 ) (1072 -224 0 ) 
6 50 80 (240 832 272 ) (240 848 240 ) (240 848 128 ) (240 688 128 ) (240 688 240 ) (240 704 272 ) 
4 50 51 (240 688 128 ) (240 848 128 ) (752 848 128 ) (752 688 128 ) 
4 51 80 (240 848 128 ) (240 848 112 ) (240 688 112 ) (240 688 128 ) 
4 51 59 (624 848 112 ) (688 848 112 ) (688 688 112 ) (624 688 112 ) 
4 51 56 (720 848 112 ) (736 848 112 ) (736 688 112 ) (720 688 112 ) 
4 51 57 (688 848 112 ) (720 848 112 ) (720 688 112 ) (688 688 112 ) 
4 51 65 (240 688 112 ) (240 848 112 ) (624 848 112 ) (624 688 112 ) 
4 52 82 (240 528 272 ) (240 640 272 ) (240 640 240 ) (240 512 240 ) 
4 52 81 (240 640 272 ) (240 656 272 ) (240 672 240 ) (240 640 240 ) 
5 52 54 (240 512 240 ) (240 672 240 ) (752 672 240 ) (768 656 240 ) (768 512 240 ) 
4 52 53 (608 512 240 ) (768 512 240 ) (752 528 272 ) (624 528 272 ) 
4 53 69 (608 288 240 ) (768 288 240 ) (752 288 272 ) (624 288 272 ) 
4 53 55 (768 288 240 ) (608 288 240 ) (608 512 240 ) (768 512 240 ) 
4 54 84 (240 640 224 ) (240 640 128 ) (240 512 128 ) (240 512 224 ) 
4 54 82 (240 512 240 ) (240 640 240 ) (240 640 224 ) (240 512 224 ) 
4 54 81 (240 640 240 ) (240 672 240 ) (240 672 128 ) (240 640 128 ) 
4 54 55 (768 512 128 ) (768 512 240 ) (608 512 240 ) (608 512 128 ) 
4 55 69 (768 288 128 ) (768 288 240 ) (608 288 240 ) (608 288 128 ) 
4 56 57 (720 688 96 ) (720 688 112 ) (720 848 112 ) (720 848 96 ) 
4 57 59 (688 688 80 ) (688 688 112 ) (688 848 112 ) (688 848 80 ) 
4 57 58 (704 688 80 ) (688 688 80 ) (688 848 80 ) (704 848 80 ) 
4 58 59 (688 688 64 ) (688 688 80 ) (688 848 80 ) (688 848 64 ) 
4 59 60 (672 688 48 ) (640 688 48 ) (640 848 48 ) (672 848 48 ) 
4 59 62 (640 688 48 ) (624 688 48 ) (624 848 48 ) (640 848 48 ) 
4 59 65 (624 688 112 ) (624 848 112 ) (624 848 48 ) (624 688 48 ) 
4 60 61 (640 848 32 ) (656 848 32 ) (656 688 32 ) (640 688 32 ) 
4 60 62 (640 848 48 ) (640 848 32 ) (640 688 32 ) (640 688 48 ) 
4 61 62 (640 848 32 ) (640 848 16 ) (640 688 16 ) (640 688 32 ) 
4 62 65 (624 848 48 ) (624 848 0 ) (624 688 0 ) (624 688 48 ) 
4 63 66 (768 512 80 ) (752 528 112 ) (624 528 112 ) (624 512 80 ) 
4 63 65 (624 512 80 ) (624 528 112 ) (624 656 112 ) (624 672 80 ) 
5 63 64 (768 512 80 ) (624 512 80 ) (624 672 80 ) (752 672 80 ) (768 656 80 ) 
4 64 67 (768 512 0 ) (768 512 80 ) (624 512 80 ) (624 512 0 ) 
4 64 65 (624 512 0 ) (624 512 80 ) (624 672 80 ) (624 672 0 ) 
5 65 93 (240 512 0 ) (240 512 80 ) (240 528 112 ) (240 720 112 ) (240 720 0 ) 
4 65 89 (240 720 112 ) (240 848 112 ) (240 848 0 ) (240 720 0 ) 
4 65 67 (624 512 80 ) (608 512 80 ) (608 512 0 ) (624 512 0 ) 
3 65 66 (624 528 112 ) (608 512 80 ) (624 512 80 ) 
4 66 67 (768 512 80 ) (752 512 112 ) (624 512 112 ) (608 512 80 ) 
6 67 77 (768 288 0 ) (768 288 80 ) (752 288 112 ) (624 288 112 ) (608 288 80 ) (608 288 0 ) 
4 68 70 (912 272 128 ) (912 272 272 ) (752 272 272 ) (824 272 128 ) 
4 68 69 (824 288 128 ) (824 272 128 ) (752 272 272 ) (768 288 240 ) 
5 69 70 (752 272 272 ) (624 272 272 ) (608 272 240 ) (608 272 128 ) (824 272 128 ) 
4 70 75 (608 272 240 ) (608 272 128 ) (608 128 128 ) (608 128 240 ) 
4 70 73 (608 128 128 ) (768 128 128 ) (768 128 240 ) (608 128 240 ) 
4 70 72 (608 272 240 ) (608 128 240 ) (624 144 272 ) (624 256 272 ) 
4 70 71 (608 128 240 ) (768 128 240 ) (752 144 272 ) (624 144 272 ) 
4 71 73 (752 128 272 ) (624 128 272 ) (608 128 240 ) (768 128 240 ) 
3 71 72 (608 128 240 ) (624 128 272 ) (624 144 272 ) 
4 72 75 (608 272 240 ) (608 128 240 ) (608 128 272 ) (608 256 272 ) 
3 72 74 (624 128 272 ) (608 128 272 ) (608 128 240 ) 
6 73 188 (752 -224 272 ) (624 -224 272 ) (608 -224 240 ) (608 -224 128 ) (768 -224 128 ) (768 -224 240 ) 
4 73 75 (608 128 128 ) (608 112 128 ) (608 112 240 ) (608 128 240 ) 
3 73 74 (624 128 272 ) (608 128 240 ) (608 112 240 ) 
3 74 75 (608 128 272 ) (608 128 240 ) (608 112 240 ) 
4 75 100 (240 128 272 ) (240 256 272 ) (240 272 240 ) (240 112 240 ) 
4 75 102 (240 272 240 ) (240 272 128 ) (240 112 128 ) (240 112 240 ) 
4 76 79 (912 272 0 ) (912 272 80 ) (768 272 80 ) (808 272 0 ) 
4 76 78 (912 272 80 ) (912 272 112 ) (752 272 112 ) (768 272 80 ) 
4 76 77 (808 272 0 ) (752 272 112 ) (768 288 80 ) (808 288 0 ) 
4 77 79 (608 272 80 ) (608 272 0 ) (808 272 0 ) (768 272 80 ) 
4 77 78 (752 272 112 ) (624 272 112 ) (608 272 80 ) (768 272 80 ) 
4 78 79 (608 272 80 ) (912 272 80 ) (912 256 112 ) (624 256 112 ) 
6 79 104 (240 112 0 ) (240 112 80 ) (240 128 112 ) (240 256 112 ) (240 272 80 ) (240 272 0 ) 
4 80 96 (-192 848 112 ) (-176 848 112 ) (-176 688 112 ) (-192 688 112 ) 
4 80 94 (144 688 112 ) (-176 688 112 ) (-176 720 112 ) (144 720 112 ) 
4 80 93 (240 720 112 ) (240 688 112 ) (144 688 112 ) (144 720 112 ) 
4 80 91 (-160 816 112 ) (-160 720 112 ) (-176 720 112 ) (-176 816 112 ) 
4 80 90 (-176 848 112 ) (-160 848 112 ) (-160 816 112 ) (-176 816 112 ) 
4 80 89 (-160 848 112 ) (240 848 112 ) (240 720 112 ) (-160 720 112 ) 
4 81 86 (-176 640 224 ) (-192 640 224 ) (-192 640 128 ) (-176 640 128 ) 
4 81 85 (-160 640 224 ) (-176 640 224 ) (-176 640 128 ) (-160 640 128 ) 
4 81 84 (240 640 128 ) (240 640 224 ) (-160 640 224 ) (-160 640 128 ) 
4 81 82 (240 640 224 ) (240 640 272 ) (-192 640 272 ) (-192 640 224 ) 
4 82 88 (0 512 224 ) (160 512 224 ) (160 512 240 ) (0 512 240 ) 
4 82 86 (-192 544 224 ) (-192 640 224 ) (-176 640 224 ) (-176 544 224 ) 
4 82 85 (-176 640 224 ) (-160 640 224 ) (-160 544 224 ) (-176 544 224 ) 
4 82 87 (-160 512 224 ) (-192 512 224 ) (-192 544 224 ) (-160 544 224 ) 
4 82 84 (240 512 224 ) (-160 512 224 ) (-160 640 224 ) (240 640 224 ) 
4 82 83 (144 528 272 ) (16 528 272 ) (0 512 240 ) (160 512 240 ) 
4 83 88 (0 512 240 ) (160 512 240 ) (144 512 272 ) (16 512 272 ) 
4 84 88 (0 512 128 ) (160 512 128 ) (160 512 224 ) (0 512 224 ) 
4 84 85 (-160 640 128 ) (-160 544 128 ) (-160 544 224 ) (-160 640 224 ) 
4 84 87 (-160 544 128 ) (-160 512 128 ) (-160 512 224 ) (-160 544 224 ) 
4 85 87 (-176 544 128 ) (-160 544 128 ) (-160 544 224 ) (-176 544 224 ) 
4 85 86 (-176 640 128 ) (-176 544 128 ) (-176 544 224 ) (-176 640 224 ) 
4 86 87 (-192 544 224 ) (-192 544 128 ) (-176 544 128 ) (-176 544 224 ) 
4 88 101 (144 272 272 ) (16 272 272 ) (0 272 240 ) (160 272 240 ) 
4 88 102 (0 272 240 ) (0 272 128 ) (160 272 128 ) (160 272 240 ) 
4 89 94 (-160 720 0 ) (200 720 0 ) (144 720 112 ) (-160 720 112 ) 
4 89 93 (200 720 0 ) (240 720 0 ) (240 720 112 ) (144 720 112 ) 
4 89 92 (-160 816 96 ) (-160 816 0 ) (-160 720 0 ) (-160 720 96 ) 
4 89 91 (-160 720 112 ) (-160 816 112 ) (-160 816 96 ) (-160 720 96 ) 
4 89 90 (-160 816 112 ) (-160 848 112 ) (-160 848 0 ) (-160 816 0 ) 
4 90 96 (-176 816 112 ) (-176 848 112 ) (-176 848 0 ) (-176 816 0 ) 
4 90 92 (-176 816 0 ) (-160 816 0 ) (-160 816 96 ) (-176 816 96 ) 
4 90 91 (-160 816 96 ) (-160 816 112 ) (-176 816 112 ) (-176 816 96 ) 
4 91 96 (-176 720 112 ) (-176 816 112 ) (-176 816 96 ) (-176 720 96 ) 
4 91 94 (-160 720 96 ) (-160 720 112 ) (-176 720 112 ) (-176 720 96 ) 
4 91 92 (-176 720 96 ) (-176 816 96 ) (-160 816 96 ) (-160 720 96 ) 
4 92 96 (-176 816 96 ) (-176 816 0 ) (-176 720 0 ) (-176 720 96 ) 
4 92 94 (-176 720 0 ) (-160 720 0 ) (-160 720 96 ) (-176 720 96 ) 
5 93 94 (144 720 112 ) (200 720 0 ) (200 512 0 ) (160 512 80 ) (144 528 112 ) 
4 94 99 (0 512 0 ) (160 512 0 ) (160 512 80 ) (0 512 80 ) 
4 94 97 (-176 512 80 ) (-176 528 112 ) (-176 688 112 ) (-176 688 80 ) 
4 94 98 (-176 512 0 ) (-176 512 80 ) (-176 688 80 ) (-176 688 0 ) 
4 94 96 (-176 688 112 ) (-176 720 112 ) (-176 720 0 ) (-176 688 0 ) 
4 94 95 (0 512 80 ) (160 512 80 ) (144 528 112 ) (16 528 112 ) 
4 95 99 (144 512 112 ) (16 512 112 ) (0 512 80 ) (160 512 80 ) 
3 96 97 (-192 688 80 ) (-176 688 80 ) (-176 688 112 ) 
4 96 98 (-192 688 80 ) (-192 688 0 ) (-176 688 0 ) (-176 688 80 ) 
4 97 98 (-176 512 80 ) (-192 528 80 ) (-192 688 80 ) (-176 688 80 ) 
5 99 105 (64 272 112 ) (16 272 112 ) (0 272 80 ) (0 272 0 ) (64 272 0 ) 
4 99 103 (160 272 80 ) (144 272 112 ) (64 272 112 ) (64 272 80 ) 
4 99 104 (160 272 0 ) (160 272 80 ) (64 272 80 ) (64 272 0 ) 
4 100 101 (144 128 272 ) (144 256 272 ) (160 272 240 ) (160 112 240 ) 
4 100 102 (160 272 240 ) (240 272 240 ) (240 112 240 ) (160 112 240 ) 
5 101 102 (0 272 240 ) (160 272 240 ) (160 112 240 ) (16 112 240 ) (0 128 240 ) 
3 103 105 (64 256 112 ) (64 272 112 ) (64 272 80 ) 
4 103 104 (64 256 112 ) (64 272 80 ) (160 272 80 ) (144 256 112 ) 
12 104 107 (240 112 0 ) (240 112 64 ) (224 112 88 ) (208 112 100 ) (192 112 108 ) (176 112 112 ) (128 112 112 ) (112 112 108 ) (96 112 100 ) (80 112 88 ) (64 112 64 ) (64 112 0 ) 
6 104 105 (64 112 0 ) (64 112 80 ) (64 128 112 ) (64 256 112 ) (64 272 80 ) (64 272 0 ) 
3 105 106 (0 128 80 ) (0 112 48 ) (16 112 80 ) 
12 107 192 (240 -224 0 ) (240 -224 64 ) (224 -224 88 ) (208 -224 100 ) (192 -224 108 ) (176 -224 112 ) (128 -224 112 ) (112 -224 108 ) (96 -224 100 ) (80 -224 88 ) (64 -224 64 ) (64 -224 0 ) 
4 108 112 (1936 -464 272 ) (1872 -464 272 ) (1872 -464 128 ) (1936 -464 128 ) 
4 108 109 (1872 -464 128 ) (1872 -464 272 ) (1872 -240 272 ) (1872 -240 128 ) 
4 109 112 (1872 -464 128 ) (1872 -464 272 ) (1792 -464 272 ) (1792 -464 128 ) 
4 110 120 (1552 -224 272 ) (1552 -224 240 ) (1552 -320 240 ) (1552 -304 272 ) 
5 110 111 (1552 -224 240 ) (1712 -224 240 ) (1712 -304 240 ) (1696 -320 240 ) (1552 -320 240 ) 
4 111 120 (1552 -224 240 ) (1552 -224 128 ) (1552 -320 128 ) (1552 -320 240 ) 
4 112 113 (1936 -480 272 ) (1792 -480 272 ) (1792 -480 128 ) (1936 -480 128 ) 
4 113 152 (2080 -848 128 ) (2080 -848 240 ) (1616 -848 240 ) (1616 -848 128 ) 
4 113 151 (2080 -848 240 ) (2064 -848 272 ) (1632 -848 272 ) (1616 -848 240 ) 
4 113 118 (1616 -768 240 ) (1616 -656 240 ) (1616 -656 128 ) (1616 -768 128 ) 
4 113 114 (1616 -656 240 ) (1616 -768 240 ) (1632 -768 272 ) (1632 -656 272 ) 
4 114 118 (1616 -768 272 ) (1616 -656 272 ) (1616 -656 240 ) (1616 -768 240 ) 
4 115 117 (1584 -496 128 ) (1600 -496 128 ) (1600 -496 240 ) (1584 -496 272 ) 
4 115 116 (1584 -480 240 ) (1584 -480 128 ) (1584 -496 128 ) (1584 -496 272 ) 
4 116 129 (1552 -496 272 ) (1552 -480 240 ) (1552 -480 128 ) (1552 -496 128 ) 
4 116 117 (1552 -496 272 ) (1552 -496 128 ) (1584 -496 128 ) (1584 -496 272 ) 
4 117 130 (1552 -656 272 ) (1552 -592 272 ) (1552 -592 128 ) (1552 -656 128 ) 
4 117 129 (1552 -592 272 ) (1552 -496 272 ) (1552 -496 128 ) (1552 -592 128 ) 
5 117 118 (1584 -656 272 ) (1552 -656 272 ) (1552 -656 128 ) (1600 -656 128 ) (1600 -656 240 ) 
4 118 130 (1552 -688 272 ) (1552 -656 272 ) (1552 -656 128 ) (1552 -688 128 ) 
4 118 131 (1552 -768 272 ) (1552 -688 272 ) (1552 -688 128 ) (1552 -768 128 ) 
5 118 119 (1552 -768 272 ) (1552 -768 128 ) (1600 -768 128 ) (1600 -768 240 ) (1584 -768 272 ) 
5 119 161 (1584 -848 272 ) (1552 -848 272 ) (1552 -848 128 ) (1600 -848 128 ) (1600 -848 240 ) 
4 119 131 (1552 -848 128 ) (1552 -848 272 ) (1552 -768 272 ) (1552 -768 128 ) 
5 120 123 (1344 -224 272 ) (1344 -224 128 ) (1344 -320 128 ) (1344 -320 240 ) (1344 -304 272 ) 
4 120 121 (1344 -320 128 ) (1344 -224 128 ) (1360 -224 128 ) (1360 -320 128 ) 
4 121 125 (1344 -224 128 ) (1344 -224 112 ) (1344 -320 112 ) (1344 -320 128 ) 
4 122 126 (1344 -224 112 ) (1344 -224 0 ) (1344 -320 0 ) (1344 -320 112 ) 
4 123 127 (1152 -320 128 ) (1344 -320 128 ) (1344 -320 272 ) (1152 -320 272 ) 
4 123 125 (1184 -224 128 ) (1344 -224 128 ) (1344 -320 128 ) (1184 -320 128 ) 
5 123 124 (1152 -224 272 ) (1152 -224 128 ) (1152 -320 128 ) (1152 -320 240 ) (1152 -304 272 ) 
4 124 179 (1040 -224 240 ) (1040 -224 128 ) (1040 -320 128 ) (1040 -320 240 ) 
4 124 178 (1040 -224 272 ) (1040 -224 240 ) (1040 -320 240 ) (1040 -304 272 ) 
4 125 127 (1344 -320 112 ) (1344 -320 128 ) (1184 -320 128 ) (1200 -320 112 ) 
4 125 126 (1200 -224 112 ) (1344 -224 112 ) (1344 -320 112 ) (1200 -320 112 ) 
4 126 127 (1152 -320 0 ) (1344 -320 0 ) (1344 -320 112 ) (1152 -320 112 ) 
12 127 128 (1152 -464 0 ) (1344 -464 0 ) (1344 -464 64 ) (1328 -464 86 ) (1312 -464 94 ) (1296 -464 100 ) (1264 -464 104 ) (1232 -464 104 ) (1200 -464 100 ) (1184 -464 94 ) (1168 -464 86 ) (1152 -464 64 ) 
12 128 144 (1344 -480 0 ) (1344 -480 64 ) (1328 -480 86 ) (1312 -480 94 ) (1296 -480 100 ) (1264 -480 104 ) (1232 -480 104 ) (1200 -480 100 ) (1184 -480 94 ) (1168 -480 86 ) (1152 -480 64 ) (1152 -480 0 ) 
5 129 180 (1040 -480 240 ) (1040 -480 128 ) (1040 -592 128 ) (1040 -592 272 ) (1040 -496 272 ) 
4 129 132 (1456 -592 272 ) (1040 -592 272 ) (1040 -592 128 ) (1456 -592 128 ) 
5 129 130 (1552 -592 128 ) (1552 -592 272 ) (1472 -592 272 ) (1456 -592 240 ) (1456 -592 128 ) 
4 130 132 (1456 -592 240 ) (1456 -592 128 ) (1456 -608 128 ) (1456 -608 240 ) 
5 130 131 (1456 -688 128 ) (1552 -688 128 ) (1552 -688 272 ) (1472 -688 272 ) (1456 -688 240 ) 
4 131 161 (1552 -848 128 ) (1552 -848 272 ) (1456 -848 272 ) (1456 -848 128 ) 
4 131 134 (1456 -688 128 ) (1456 -848 128 ) (1456 -848 272 ) (1456 -688 272 ) 
4 132 180 (1040 -592 272 ) (1040 -592 128 ) (1040 -608 128 ) (1040 -608 240 ) 
4 133 135 (1040 -688 128 ) (1040 -624 128 ) (1440 -624 128 ) (1440 -688 128 ) 
4 133 134 (1040 -688 128 ) (1440 -688 128 ) (1440 -688 272 ) (1040 -688 272 ) 
4 134 182 (1040 -848 128 ) (1040 -848 272 ) (1040 -688 272 ) (1040 -688 128 ) 
4 134 163 (1440 -848 272 ) (1040 -848 272 ) (1040 -848 128 ) (1440 -848 128 ) 
4 134 161 (1456 -848 272 ) (1440 -848 272 ) (1440 -848 128 ) (1456 -848 128 ) 
3 134 138 (1344 -848 128 ) (1312 -848 128 ) (1344 -816 128 ) 
3 134 139 (1216 -752 128 ) (1216 -720 128 ) (1248 -720 128 ) 
3 134 137 (1312 -720 128 ) (1344 -720 128 ) (1344 -752 128 ) 
3 134 140 (1248 -848 128 ) (1216 -848 128 ) (1216 -816 128 ) 
4 134 136 (1440 -848 128 ) (1344 -848 128 ) (1344 -720 128 ) (1440 -720 128 ) 
4 134 141 (1216 -848 128 ) (1040 -848 128 ) (1040 -720 128 ) (1216 -720 128 ) 
4 134 135 (1040 -720 128 ) (1040 -688 128 ) (1440 -688 128 ) (1440 -720 128 ) 
4 135 145 (1040 -720 112 ) (1040 -624 112 ) (1152 -624 112 ) (1152 -720 112 ) 
4 135 144 (1152 -624 112 ) (1344 -624 112 ) (1344 -720 112 ) (1152 -720 112 ) 
4 135 143 (1344 -624 112 ) (1424 -624 112 ) (1424 -720 112 ) (1344 -720 112 ) 
4 135 142 (1424 -624 112 ) (1440 -624 112 ) (1440 -720 112 ) (1424 -720 112 ) 
4 135 139 (1248 -720 128 ) (1216 -720 128 ) (1216 -720 112 ) (1248 -720 112 ) 
4 135 137 (1344 -720 128 ) (1312 -720 128 ) (1312 -720 112 ) (1344 -720 112 ) 
4 135 136 (1440 -720 112 ) (1440 -720 128 ) (1344 -720 128 ) (1344 -720 112 ) 
4 135 141 (1216 -720 128 ) (1040 -720 128 ) (1040 -720 112 ) (1216 -720 112 ) 
4 136 167 (1440 -848 112 ) (1440 -848 128 ) (1344 -848 128 ) (1344 -848 112 ) 
4 136 143 (1424 -848 112 ) (1344 -848 112 ) (1344 -720 112 ) (1424 -720 112 ) 
4 136 142 (1440 -848 112 ) (1424 -848 112 ) (1424 -720 112 ) (1440 -720 112 ) 
4 136 138 (1344 -816 112 ) (1344 -848 112 ) (1344 -848 128 ) (1344 -816 128 ) 
4 136 137 (1344 -720 112 ) (1344 -752 112 ) (1344 -752 128 ) (1344 -720 128 ) 
3 137 146 (1312 -720 112 ) (1344 -720 112 ) (1344 -752 112 ) 
4 138 171 (1344 -848 128 ) (1312 -848 128 ) (1312 -848 112 ) (1344 -848 112 ) 
3 138 147 (1344 -848 112 ) (1312 -848 112 ) (1344 -816 112 ) 
3 139 148 (1216 -752 112 ) (1216 -720 112 ) (1248 -720 112 ) 
4 139 141 (1216 -720 128 ) (1216 -720 112 ) (1216 -752 112 ) (1216 -752 128 ) 
4 140 171 (1248 -848 128 ) (1216 -848 128 ) (1216 -848 112 ) (1248 -848 112 ) 
3 140 149 (1248 -848 112 ) (1216 -848 112 ) (1216 -816 112 ) 
4 140 141 (1216 -816 112 ) (1216 -848 112 ) (1216 -848 128 ) (1216 -816 128 ) 
4 141 171 (1216 -848 128 ) (1040 -848 128 ) (1040 -848 112 ) (1216 -848 112 ) 
4 141 150 (1216 -848 112 ) (1040 -848 112 ) (1040 -720 112 ) (1216 -720 112 ) 
4 142 167 (1440 -848 0 ) (1440 -848 112 ) (1424 -848 112 ) (1424 -848 0 ) 
5 142 143 (1424 -848 0 ) (1424 -848 112 ) (1424 -496 112 ) (1424 -480 80 ) (1424 -480 0 ) 
4 143 167 (1424 -848 112 ) (1344 -848 112 ) (1344 -848 0 ) (1424 -848 0 ) 
4 143 147 (1344 -848 0 ) (1344 -848 112 ) (1344 -816 112 ) (1344 -816 0 ) 
4 143 146 (1344 -752 112 ) (1344 -720 112 ) (1344 -720 0 ) (1344 -752 0 ) 
5 143 144 (1344 -720 112 ) (1344 -496 112 ) (1344 -480 80 ) (1344 -480 0 ) (1344 -720 0 ) 
4 144 148 (1248 -720 112 ) (1216 -720 112 ) (1216 -720 0 ) (1248 -720 0 ) 
4 144 146 (1344 -720 0 ) (1344 -720 112 ) (1312 -720 112 ) (1312 -720 0 ) 
4 144 150 (1216 -720 112 ) (1152 -720 112 ) (1152 -720 0 ) (1216 -720 0 ) 
5 144 145 (1152 -480 80 ) (1152 -480 0 ) (1152 -720 0 ) (1152 -720 112 ) (1152 -496 112 ) 
6 145 191 (1040 -608 112 ) (1040 -496 112 ) (1040 -480 80 ) (1040 -480 0 ) (1040 -624 0 ) (1040 -624 80 ) 
4 145 150 (1152 -720 112 ) (1040 -720 112 ) (1040 -720 0 ) (1152 -720 0 ) 
4 147 171 (1344 -848 0 ) (1344 -848 112 ) (1312 -848 112 ) (1312 -848 0 ) 
4 148 150 (1216 -720 112 ) (1216 -720 0 ) (1216 -752 0 ) (1216 -752 112 ) 
4 149 171 (1248 -848 112 ) (1216 -848 112 ) (1216 -848 0 ) (1248 -848 0 ) 
4 149 150 (1216 -816 0 ) (1216 -848 0 ) (1216 -848 112 ) (1216 -816 112 ) 
4 150 171 (1216 -848 112 ) (1040 -848 112 ) (1040 -848 0 ) (1216 -848 0 ) 
6 151 159 (1616 -1296 240 ) (1616 -1168 240 ) (2080 -1168 240 ) (2080 -1296 240 ) (2064 -1312 240 ) (1632 -1312 240 ) 
4 151 154 (1824 -864 240 ) (1888 -864 240 ) (1888 -896 240 ) (1824 -896 240 ) 
4 151 153 (1888 -864 240 ) (2080 -864 240 ) (2080 -896 240 ) (1888 -896 240 ) 
4 151 156 (1616 -896 240 ) (1616 -864 240 ) (1824 -864 240 ) (1824 -896 240 ) 
4 151 152 (1616 -864 240 ) (1616 -848 240 ) (2080 -848 240 ) (2080 -864 240 ) 
4 151 157 (1616 -1168 240 ) (1616 -896 240 ) (2080 -896 240 ) (2080 -1168 240 ) 
4 152 154 (1824 -864 112 ) (1888 -864 112 ) (1888 -864 240 ) (1824 -864 240 ) 
4 152 153 (1888 -864 112 ) (2080 -864 112 ) (2080 -864 240 ) (1888 -864 240 ) 
4 152 156 (1616 -864 240 ) (1616 -864 112 ) (1824 -864 112 ) (1824 -864 240 ) 
4 153 155 (1888 -864 0 ) (1888 -896 0 ) (1888 -896 80 ) (1888 -864 80 ) 
4 153 154 (1888 -896 80 ) (1888 -896 240 ) (1888 -864 240 ) (1888 -864 80 ) 
4 153 157 (1888 -896 0 ) (2080 -896 0 ) (2080 -896 240 ) (1888 -896 240 ) 
4 154 157 (1888 -896 80 ) (1888 -896 240 ) (1824 -896 240 ) (1824 -896 80 ) 
4 154 156 (1824 -864 240 ) (1824 -864 80 ) (1824 -896 80 ) (1824 -896 240 ) 
4 154 155 (1888 -896 80 ) (1824 -896 80 ) (1824 -864 80 ) (1888 -864 80 ) 
4 155 157 (1824 -896 0 ) (1888 -896 0 ) (1888 -896 80 ) (1824 -896 80 ) 
4 155 156 (1824 -864 80 ) (1824 -864 0 ) (1824 -896 0 ) (1824 -896 80 ) 
4 156 157 (1616 -896 0 ) (1824 -896 0 ) (1824 -896 240 ) (1616 -896 240 ) 
4 157 159 (2080 -1168 240 ) (1616 -1168 240 ) (1616 -1168 0 ) (2080 -1168 0 ) 
12 157 158 (1616 -1168 0 ) (1616 -1168 88 ) (1616 -1152 102 ) (1616 -1136 112 ) (1616 -1120 118 ) (1616 -1104 120 ) (1616 -1072 120 ) (1616 -1056 118 ) (1616 -1040 112 ) (1616 -1024 102 ) (1616 -1008 88 ) (1616 -1008 0 ) 
12 158 168 (1600 -1008 0 ) (1600 -1168 0 ) (1600 -1168 88 ) (1600 -1152 102 ) (1600 -1136 112 ) (1600 -1120 118 ) (1600 -1104 120 ) (1600 -1072 120 ) (1600 -1056 118 ) (1600 -1040 112 ) (1600 -1024 102 ) (1600 -1008 88 ) 
3 160 164 (1600 -1440 240 ) (1600 -1456 208 ) (1584 -1456 240 ) 
4 161 169 (1600 -1168 128 ) (1600 -1184 128 ) (1440 -1184 128 ) (1440 -1168 128 ) 
4 161 168 (1600 -1008 128 ) (1600 -1168 128 ) (1440 -1168 128 ) (1440 -1008 128 ) 
4 161 166 (1600 -992 128 ) (1600 -1008 128 ) (1440 -1008 128 ) (1440 -992 128 ) 
4 161 163 (1440 -848 272 ) (1440 -848 128 ) (1440 -1232 128 ) (1440 -1232 272 ) 
6 161 162 (1456 -1232 128 ) (1600 -1232 128 ) (1600 -1232 240 ) (1584 -1232 272 ) (1472 -1232 272 ) (1456 -1232 240 ) 
6 162 164 (1456 -1312 128 ) (1600 -1312 128 ) (1600 -1312 240 ) (1584 -1312 272 ) (1472 -1312 272 ) (1456 -1312 240 ) 
4 163 208 (1040 -848 272 ) (1040 -848 128 ) (1040 -1232 128 ) (1040 -1232 272 ) 
3 163 174 (1216 -1056 128 ) (1248 -1056 128 ) (1216 -1088 128 ) 
3 163 173 (1344 -1152 128 ) (1344 -1184 128 ) (1312 -1184 128 ) 
3 163 175 (1248 -1184 128 ) (1216 -1184 128 ) (1216 -1152 128 ) 
3 163 172 (1312 -1056 128 ) (1344 -1056 128 ) (1344 -1088 128 ) 
4 163 176 (1344 -1184 128 ) (1344 -1296 128 ) (1216 -1296 128 ) (1216 -1184 128 ) 
4 163 177 (1040 -1296 128 ) (1040 -1056 128 ) (1216 -1056 128 ) (1216 -1296 128 ) 
4 163 171 (1040 -1056 128 ) (1040 -848 128 ) (1344 -848 128 ) (1344 -1056 128 ) 
4 163 170 (1440 -1168 128 ) (1440 -1296 128 ) (1344 -1296 128 ) (1344 -1168 128 ) 
4 163 168 (1440 -1008 128 ) (1440 -1168 128 ) (1344 -1168 128 ) (1344 -1008 128 ) 
4 163 167 (1344 -848 128 ) (1440 -848 128 ) (1440 -1008 128 ) (1344 -1008 128 ) 
6 164 165 (1456 -1312 240 ) (1456 -1312 128 ) (1456 -1456 128 ) (1456 -1456 240 ) (1456 -1440 272 ) (1456 -1328 272 ) 
4 165 212 (1040 -1456 128 ) (1040 -1456 240 ) (1040 -1312 240 ) (1040 -1312 128 ) 
4 165 210 (1040 -1456 240 ) (1040 -1440 272 ) (1040 -1328 272 ) (1040 -1312 240 ) 
4 166 168 (1600 -1008 112 ) (1600 -1008 128 ) (1440 -1008 128 ) (1440 -1008 112 ) 
3 166 167 (1440 -1008 128 ) (1440 -992 128 ) (1440 -1008 112 ) 
4 167 171 (1344 -1008 128 ) (1344 -848 128 ) (1344 -848 0 ) (1344 -1008 0 ) 
4 167 168 (1344 -1008 0 ) (1440 -1008 0 ) (1440 -1008 128 ) (1344 -1008 128 ) 
4 168 173 (1344 -1168 128 ) (1344 -1152 128 ) (1344 -1152 0 ) (1344 -1168 0 ) 
4 168 172 (1344 -1088 128 ) (1344 -1056 128 ) (1344 -1056 0 ) (1344 -1088 0 ) 
4 168 171 (1344 -1056 128 ) (1344 -1008 128 ) (1344 -1008 0 ) (1344 -1056 0 ) 
4 168 169 (1600 -1168 112 ) (1600 -1168 128 ) (1440 -1168 128 ) (1440 -1168 112 ) 
4 168 170 (1344 -1168 128 ) (1344 -1168 0 ) (1440 -1168 0 ) (1440 -1168 128 ) 
3 169 170 (1440 -1184 128 ) (1440 -1168 128 ) (1440 -1168 112 ) 
4 170 173 (1344 -1184 128 ) (1344 -1168 128 ) (1344 -1168 0 ) (1344 -1184 0 ) 
4 170 176 (1344 -1296 0 ) (1344 -1296 128 ) (1344 -1184 128 ) (1344 -1184 0 ) 
4 171 174 (1216 -1056 0 ) (1248 -1056 0 ) (1248 -1056 128 ) (1216 -1056 128 ) 
4 171 172 (1312 -1056 0 ) (1344 -1056 0 ) (1344 -1056 128 ) (1312 -1056 128 ) 
4 171 177 (1040 -1056 128 ) (1040 -1056 0 ) (1216 -1056 0 ) (1216 -1056 128 ) 
4 173 176 (1312 -1184 0 ) (1344 -1184 0 ) (1344 -1184 128 ) (1312 -1184 128 ) 
4 174 177 (1216 -1056 0 ) (1216 -1088 0 ) (1216 -1088 128 ) (1216 -1056 128 ) 
4 175 177 (1216 -1152 0 ) (1216 -1184 0 ) (1216 -1184 128 ) (1216 -1152 128 ) 
4 175 176 (1216 -1184 0 ) (1248 -1184 0 ) (1248 -1184 128 ) (1216 -1184 128 ) 
4 176 177 (1216 -1184 0 ) (1216 -1296 0 ) (1216 -1296 128 ) (1216 -1184 128 ) 
5 178 179 (912 -224 240 ) (1040 -224 240 ) (1040 -320 240 ) (928 -320 240 ) (912 -304 240 ) 
4 180 188 (768 -480 128 ) (768 -608 128 ) (768 -608 240 ) (768 -480 240 ) 
4 180 187 (768 -608 240 ) (768 -592 272 ) (768 -496 272 ) (768 -480 240 ) 
4 180 186 (768 -608 240 ) (768 -608 128 ) (880 -608 128 ) (880 -608 240 ) 
4 180 183 (880 -608 128 ) (1024 -608 128 ) (1024 -608 240 ) (880 -608 240 ) 
4 180 181 (768 -608 240 ) (1024 -608 240 ) (1008 -592 272 ) (768 -592 272 ) 
3 181 187 (768 -608 240 ) (768 -608 272 ) (768 -592 272 ) 
4 181 186 (768 -608 272 ) (768 -608 240 ) (880 -608 240 ) (880 -608 272 ) 
3 181 185 (880 -608 240 ) (896 -608 272 ) (880 -608 272 ) 
4 181 183 (880 -608 240 ) (1024 -608 240 ) (1008 -608 272 ) (896 -608 272 ) 
4 182 208 (1040 -848 128 ) (1040 -848 272 ) (1024 -848 272 ) (1024 -848 128 ) 
4 182 184 (1024 -688 128 ) (1024 -848 128 ) (1024 -848 272 ) (1024 -688 272 ) 
4 183 186 (880 -608 240 ) (880 -608 128 ) (880 -624 128 ) (880 -624 240 ) 
3 183 185 (880 -608 240 ) (880 -624 240 ) (896 -608 272 ) 
6 183 184 (880 -688 128 ) (1024 -688 128 ) (1024 -688 240 ) (1008 -688 272 ) (896 -688 272 ) (880 -688 240 ) 
5 184 208 (1024 -848 272 ) (896 -848 272 ) (880 -848 240 ) (880 -848 128 ) (1024 -848 128 ) 
3 185 186 (880 -608 272 ) (880 -608 240 ) (880 -624 240 ) 
4 186 188 (768 -608 128 ) (768 -624 128 ) (768 -624 240 ) (768 -608 240 ) 
3 186 187 (768 -624 240 ) (768 -608 272 ) (768 -608 240 ) 
4 187 188 (768 -480 240 ) (768 -624 240 ) (752 -608 272 ) (752 -496 272 ) 
4 188 214 (608 -848 240 ) (608 -848 128 ) (768 -848 128 ) (768 -848 240 ) 
4 188 213 (752 -848 272 ) (624 -848 272 ) (608 -848 240 ) (768 -848 240 ) 
4 188 190 (608 -848 128 ) (608 -848 240 ) (608 -704 240 ) (608 -704 128 ) 
4 188 189 (608 -704 240 ) (608 -848 240 ) (624 -848 272 ) (624 -720 272 ) 
3 189 213 (624 -848 272 ) (608 -848 272 ) (608 -848 240 ) 
4 189 190 (608 -848 240 ) (608 -848 272 ) (608 -720 272 ) (608 -704 240 ) 
4 190 214 (592 -848 240 ) (592 -848 128 ) (608 -848 128 ) (608 -848 240 ) 
4 190 213 (608 -848 272 ) (592 -848 272 ) (592 -848 240 ) (608 -848 240 ) 
4 190 194 (592 -848 240 ) (592 -848 272 ) (592 -720 272 ) (592 -704 240 ) 
4 190 195 (592 -704 128 ) (592 -848 128 ) (592 -848 240 ) (592 -704 240 ) 
4 191 206 (592 -624 0 ) (592 -624 16 ) (592 -480 16 ) (592 -480 0 ) 
4 191 204 (592 -624 16 ) (592 -624 32 ) (592 -480 32 ) (592 -480 16 ) 
4 191 201 (592 -624 32 ) (592 -624 64 ) (592 -480 64 ) (592 -480 32 ) 
6 191 196 (592 -624 64 ) (592 -624 80 ) (592 -608 112 ) (592 -496 112 ) (592 -480 80 ) (592 -480 64 ) 
4 192 207 (144 -368 16 ) (64 -368 16 ) (64 -368 0 ) (144 -368 0 ) 
4 192 206 (240 -368 0 ) (240 -368 16 ) (144 -368 16 ) (144 -368 0 ) 
4 192 205 (144 -368 32 ) (64 -368 32 ) (64 -368 16 ) (144 -368 16 ) 
4 192 204 (240 -368 16 ) (240 -368 32 ) (144 -368 32 ) (144 -368 16 ) 
4 192 202 (144 -368 64 ) (64 -368 64 ) (64 -368 32 ) (144 -368 32 ) 
4 192 201 (240 -368 32 ) (240 -368 64 ) (144 -368 64 ) (144 -368 32 ) 
7 192 197 (144 -368 112 ) (128 -368 112 ) (112 -368 108 ) (96 -368 100 ) (80 -368 88 ) (64 -368 64 ) (144 -368 64 ) 
7 192 196 (240 -368 64 ) (224 -368 88 ) (208 -368 100 ) (192 -368 108 ) (176 -368 112 ) (144 -368 112 ) (144 -368 64 ) 
6 193 195 (0 -704 240 ) (0 -384 240 ) (16 -368 240 ) (576 -368 240 ) (592 -384 240 ) (592 -704 240 ) 
4 193 194 (0 -704 240 ) (592 -704 240 ) (576 -720 272 ) (16 -720 272 ) 
3 194 215 (16 -848 272 ) (0 -848 240 ) (16 -848 240 ) 
4 194 213 (592 -848 240 ) (592 -848 272 ) (16 -848 272 ) (16 -848 240 ) 
4 194 195 (592 -848 240 ) (0 -848 240 ) (0 -704 240 ) (592 -704 240 ) 
4 195 215 (16 -848 240 ) (0 -848 240 ) (0 -848 128 ) (16 -848 128 ) 
4 195 214 (592 -848 128 ) (592 -848 240 ) (16 -848 240 ) (16 -848 128 ) 
4 195 200 (144 -688 128 ) (144 -704 128 ) (0 -704 128 ) (0 -688 128 ) 
4 195 198 (144 -656 128 ) (144 -688 128 ) (0 -688 128 ) (0 -656 128 ) 
4 195 197 (0 -368 128 ) (144 -368 128 ) (144 -656 128 ) (0 -656 128 ) 
4 195 196 (144 -368 128 ) (592 -368 128 ) (592 -704 128 ) (144 -704 128 ) 
4 196 201 (144 -368 64 ) (592 -368 64 ) (592 -704 64 ) (144 -704 64 ) 
4 196 200 (144 -704 112 ) (144 -704 128 ) (144 -688 128 ) (144 -688 112 ) 
4 196 199 (144 -656 96 ) (144 -656 80 ) (144 -672 80 ) (144 -672 96 ) 
4 196 198 (144 -688 128 ) (144 -656 128 ) (144 -656 96 ) (144 -688 96 ) 
4 196 197 (144 -656 128 ) (144 -368 128 ) (144 -368 64 ) (144 -656 64 ) 
4 197 203 (0 -640 64 ) (0 -624 64 ) (144 -624 64 ) (144 -640 64 ) 
4 197 202 (0 -624 64 ) (0 -368 64 ) (144 -368 64 ) (144 -624 64 ) 
4 197 199 (0 -656 96 ) (0 -656 80 ) (144 -656 80 ) (144 -656 96 ) 
4 197 198 (0 -656 128 ) (0 -656 96 ) (144 -656 96 ) (144 -656 128 ) 
4 198 200 (144 -688 112 ) (144 -688 128 ) (0 -688 128 ) (0 -688 112 ) 
4 198 199 (0 -672 96 ) (0 -656 96 ) (144 -656 96 ) (144 -672 96 ) 
4 201 204 (592 -704 32 ) (144 -704 32 ) (144 -368 32 ) (592 -368 32 ) 
4 201 203 (144 -640 64 ) (144 -624 64 ) (144 -624 48 ) (144 -640 48 ) 
4 201 202 (144 -368 64 ) (144 -368 32 ) (144 -624 32 ) (144 -624 64 ) 
4 202 205 (0 -608 32 ) (0 -368 32 ) (144 -368 32 ) (144 -608 32 ) 
4 202 203 (144 -624 48 ) (144 -624 64 ) (0 -624 64 ) (0 -624 48 ) 
4 204 206 (144 -368 16 ) (592 -368 16 ) (592 -704 16 ) (144 -704 16 ) 
4 204 205 (144 -368 32 ) (144 -368 16 ) (144 -608 16 ) (144 -608 32 ) 
4 205 207 (0 -592 16 ) (0 -368 16 ) (144 -368 16 ) (144 -592 16 ) 
4 206 207 (144 -368 16 ) (144 -368 0 ) (144 -592 0 ) (144 -592 16 ) 
6 208 209 (896 -1232 272 ) (880 -1232 240 ) (880 -1232 128 ) (1024 -1232 128 ) (1024 -1232 240 ) (1008 -1232 272 ) 
4 209 212 (880 -1312 240 ) (880 -1312 128 ) (1024 -1312 128 ) (1024 -1312 240 ) 
4 209 211 (880 -1312 240 ) (1024 -1312 240 ) (1008 -1312 272 ) (896 -1312 272 ) 
4 210 212 (1040 -1456 240 ) (1024 -1456 240 ) (1024 -1312 240 ) (1040 -1312 240 ) 
4 210 211 (1024 -1312 240 ) (1024 -1456 240 ) (1024 -1440 272 ) (1024 -1328 272 ) 
5 211 212 (1024 -1456 240 ) (896 -1456 240 ) (880 -1440 240 ) (880 -1312 240 ) (1024 -1312 240 ) 
3 213 215 (16 -848 272 ) (16 -848 240 ) (16 -864 240 ) 
4 213 214 (16 -848 240 ) (768 -848 240 ) (752 -864 240 ) (16 -864 240 ) 
4 214 215 (16 -864 240 ) (16 -848 240 ) (16 -848 128 ) (16 -864 128 ) 
