PRT1
225
525
5 0 11 (2016 288 128 ) (2016 288 240 ) (2000 288 272 ) (1872 288 272 ) (1872 288 128 ) 
4 0 3 (1872 496 128 ) (1872 288 128 ) (1872 288 272 ) (1872 496 272 ) 
4 0 2 (1872 632 128 ) (1872 512 128 ) (1872 512 272 ) (1872 704 272 ) 
4 0 1 (1872 1008 272 ) (1872 1008 128 ) (1872 632 128 ) (1872 704 272 ) 
5 1 5 (1728 704 272 ) (1728 848 272 ) (1728 848 128 ) (1728 688 128 ) (1728 688 240 ) 
4 1 4 (1728 848 272 ) (1728 1008 272 ) (1728 1008 128 ) (1728 848 128 ) 
5 1 2 (1728 632 128 ) (1872 632 128 ) (1872 704 272 ) (1744 704 272 ) (1728 688 240 ) 
5 3 13 (1872 288 272 ) (1744 288 272 ) (1728 288 240 ) (1728 288 128 ) (1872 288 128 ) 
5 4 5 (1632 848 128 ) (1728 848 128 ) (1728 848 272 ) (1648 848 272 ) (1632 848 240 ) 
6 5 6 (1632 848 240 ) (1576 848 128 ) (1576 688 128 ) (1632 688 240 ) (1648 704 272 ) (1648 832 272 ) 
4 6 7 (1376 704 272 ) (1376 832 272 ) (1376 848 240 ) (1376 688 240 ) 
4 6 8 (1376 848 240 ) (1376 848 128 ) (1376 688 128 ) (1376 688 240 ) 
4 7 8 (1360 832 272 ) (1376 848 240 ) (1376 688 240 ) (1360 704 272 ) 
6 8 10 (1216 688 128 ) (1376 688 128 ) (1376 688 240 ) (1360 688 272 ) (1232 688 272 ) (1216 688 240 ) 
6 8 9 (1160 848 128 ) (1160 688 128 ) (1216 688 240 ) (1232 704 272 ) (1232 832 272 ) (1216 848 240 ) 
6 9 50 (912 704 272 ) (912 832 272 ) (912 848 240 ) (912 848 128 ) (912 688 128 ) (912 688 240 ) 
4 10 21 (1376 288 128 ) (1376 288 240 ) (1216 288 240 ) (1216 288 128 ) 
4 10 20 (1376 288 240 ) (1360 288 272 ) (1232 288 272 ) (1216 288 240 ) 
4 11 13 (1872 160 272 ) (1872 288 272 ) (1872 288 128 ) (1872 160 128 ) 
4 12 111 (1936 -224 272 ) (1872 -224 272 ) (1872 -224 128 ) (1936 -224 128 ) 
5 12 110 (2016 -224 128 ) (2016 -224 240 ) (2000 -224 272 ) (1936 -224 272 ) (1936 -224 128 ) 
4 12 15 (1872 -224 128 ) (1872 -224 272 ) (1872 -128 272 ) (1872 -128 128 ) 
4 12 14 (1872 -128 272 ) (1872 64 272 ) (1872 64 128 ) (1872 -128 128 ) 
4 12 13 (1872 64 272 ) (1872 144 272 ) (1872 144 128 ) (1872 64 128 ) 
5 13 14 (1728 64 240 ) (1728 64 128 ) (1872 64 128 ) (1872 64 272 ) (1744 64 272 ) 
4 14 18 (1728 64 128 ) (1728 -128 128 ) (1728 -128 272 ) (1728 64 272 ) 
5 14 15 (1728 -128 128 ) (1872 -128 128 ) (1872 -128 272 ) (1744 -128 272 ) (1728 -128 240 ) 
4 16 21 (1552 288 240 ) (1552 112 240 ) (1552 112 272 ) (1552 272 272 ) 
4 16 22 (1552 112 240 ) (1552 64 240 ) (1552 64 272 ) (1552 112 272 ) 
4 16 18 (1696 64 272 ) (1552 64 272 ) (1552 64 240 ) (1712 64 240 ) 
5 16 17 (1552 64 240 ) (1552 288 240 ) (1696 288 240 ) (1712 272 240 ) (1712 64 240 ) 
4 17 21 (1552 288 240 ) (1552 288 128 ) (1552 112 128 ) (1552 112 240 ) 
4 17 22 (1552 112 128 ) (1552 64 128 ) (1552 64 240 ) (1552 112 240 ) 
4 17 18 (1712 64 240 ) (1552 64 240 ) (1552 64 128 ) (1712 64 128 ) 
4 18 31 (1552 -96 128 ) (1552 -128 128 ) (1552 -128 272 ) (1552 -96 272 ) 
4 18 24 (1552 32 128 ) (1552 -96 128 ) (1552 -96 272 ) (1552 32 272 ) 
4 18 22 (1552 64 128 ) (1552 32 128 ) (1552 32 272 ) (1552 64 272 ) 
5 18 19 (1552 -128 272 ) (1552 -128 128 ) (1712 -128 128 ) (1712 -128 240 ) (1696 -128 272 ) 
4 19 115 (1552 -224 240 ) (1552 -224 128 ) (1712 -224 128 ) (1712 -224 240 ) 
4 19 114 (1696 -224 272 ) (1552 -224 272 ) (1552 -224 240 ) (1712 -224 240 ) 
4 19 31 (1552 -128 128 ) (1552 -224 128 ) (1552 -224 272 ) (1552 -128 272 ) 
4 20 21 (1360 272 272 ) (1232 272 272 ) (1216 288 240 ) (1376 288 240 ) 
4 21 22 (1552 112 128 ) (1552 112 272 ) (1152 112 272 ) (1152 112 128 ) 
4 22 48 (1248 32 112 ) (1152 32 112 ) (1152 112 112 ) (1248 112 112 ) 
4 22 42 (1376 32 112 ) (1248 32 112 ) (1248 112 112 ) (1376 112 112 ) 
4 22 41 (1552 112 112 ) (1552 32 112 ) (1376 32 112 ) (1376 112 112 ) 
4 22 34 (1152 32 112 ) (1248 32 112 ) (1248 32 272 ) (1152 32 272 ) 
4 22 28 (1280 32 126.400000 ) (1248 32 126.400000 ) (1248 32 113.600000 ) (1280 32 113.600000 ) 
4 22 26 (1376 32 113.600000 ) (1376 32 126.400000 ) (1344 32 126.400000 ) (1344 32 113.600000 ) 
4 22 30 (1248 32 112 ) (1376 32 112 ) (1376 32 113.600000 ) (1248 32 113.600000 ) 
4 22 25 (1376 32 126.400000 ) (1376 32 272 ) (1248 32 272 ) (1248 32 126.400000 ) 
4 22 24 (1376 32 112 ) (1552 32 112 ) (1552 32 272 ) (1376 32 272 ) 
4 22 23 (1152 112 112 ) (1152 32 112 ) (1152 32 272 ) (1152 112 272 ) 
4 23 48 (1072 32 112 ) (1072 112 112 ) (1152 112 112 ) (1152 32 112 ) 
4 23 40 (1072 32 128 ) (1072 32 240 ) (1072 112 240 ) (1072 112 128 ) 
4 23 38 (1072 32 240 ) (1072 32 272 ) (1072 112 272 ) (1072 112 240 ) 
4 23 34 (1072 32 112 ) (1152 32 112 ) (1152 32 272 ) (1072 32 272 ) 
4 24 41 (1376 32 112 ) (1552 32 112 ) (1552 -96 112 ) (1376 -96 112 ) 
4 24 32 (1376 -96 112 ) (1552 -96 112 ) (1552 -96 128 ) (1376 -96 128 ) 
4 24 31 (1552 -96 128 ) (1552 -96 272 ) (1376 -96 272 ) (1376 -96 128 ) 
4 24 27 (1376 -64 113.600000 ) (1376 -96 113.600000 ) (1376 -96 126.400000 ) (1376 -64 126.400000 ) 
4 24 26 (1376 32 126.400000 ) (1376 32 113.600000 ) (1376 0 113.600000 ) (1376 0 126.400000 ) 
4 24 30 (1376 32 113.600000 ) (1376 32 112 ) (1376 -96 112 ) (1376 -96 113.600000 ) 
4 24 25 (1376 32 272 ) (1376 32 126.400000 ) (1376 -96 126.400000 ) (1376 -96 272 ) 
4 25 34 (1248 32 272 ) (1248 32 126.400000 ) (1248 -96 126.400000 ) (1248 -96 272 ) 
4 25 32 (1376 -96 126.400000 ) (1376 -96 128 ) (1248 -96 128 ) (1248 -96 126.400000 ) 
4 25 31 (1376 -96 128 ) (1376 -96 272 ) (1248 -96 272 ) (1248 -96 128 ) 
3 25 28 (1248 0 126.400000 ) (1248 32 126.400000 ) (1280 32 126.400000 ) 
3 25 27 (1376 -96 126.400000 ) (1344 -96 126.400000 ) (1376 -64 126.400000 ) 
3 25 29 (1280 -96 126.400000 ) (1248 -96 126.400000 ) (1248 -64 126.400000 ) 
3 25 26 (1344 32 126.400000 ) (1376 32 126.400000 ) (1376 0 126.400000 ) 
3 26 30 (1344 32 113.600000 ) (1376 32 113.600000 ) (1376 0 113.600000 ) 
4 27 32 (1376 -96 113.600000 ) (1376 -96 126.400000 ) (1344 -96 126.400000 ) (1344 -96 113.600000 ) 
3 27 30 (1376 -64 113.600000 ) (1376 -96 113.600000 ) (1344 -96 113.600000 ) 
4 28 34 (1248 32 126.400000 ) (1248 32 113.600000 ) (1248 0 113.600000 ) (1248 0 126.400000 ) 
3 28 30 (1248 0 113.600000 ) (1248 32 113.600000 ) (1280 32 113.600000 ) 
4 29 34 (1248 -64 113.600000 ) (1248 -96 113.600000 ) (1248 -96 126.400000 ) (1248 -64 126.400000 ) 
4 29 32 (1280 -96 126.400000 ) (1248 -96 126.400000 ) (1248 -96 113.600000 ) (1280 -96 113.600000 ) 
3 29 30 (1248 -96 113.600000 ) (1248 -64 113.600000 ) (1280 -96 113.600000 ) 
3 30 44 (1376 -64 112 ) (1376 -96 112 ) (1344 -96 112 ) 
3 30 45 (1248 0 112 ) (1248 32 112 ) (1280 32 112 ) 
3 30 43 (1344 32 112 ) (1376 32 112 ) (1376 0 112 ) 
3 30 46 (1248 -96 112 ) (1248 -64 112 ) (1280 -96 112 ) 
4 30 34 (1248 32 113.600000 ) (1248 32 112 ) (1248 -96 112 ) (1248 -96 113.600000 ) 
4 30 32 (1248 -96 112 ) (1376 -96 112 ) (1376 -96 113.600000 ) (1248 -96 113.600000 ) 
4 31 127 (1344 -224 272 ) (1248 -224 272 ) (1248 -224 128 ) (1344 -224 128 ) 
4 31 124 (1552 -224 128 ) (1552 -224 272 ) (1344 -224 272 ) (1344 -224 128 ) 
4 31 35 (1248 -224 128 ) (1248 -224 272 ) (1248 -176 272 ) (1248 -176 128 ) 
4 31 34 (1248 -176 272 ) (1248 -96 272 ) (1248 -96 128 ) (1248 -176 128 ) 
4 31 33 (1360 -224 128 ) (1248 -224 128 ) (1248 -176 128 ) (1360 -176 128 ) 
4 31 32 (1248 -176 128 ) (1248 -96 128 ) (1552 -96 128 ) (1552 -176 128 ) 
4 32 47 (1248 -176 112 ) (1248 -96 112 ) (1376 -96 112 ) (1376 -176 112 ) 
4 32 41 (1376 -96 112 ) (1552 -96 112 ) (1552 -176 112 ) (1376 -176 112 ) 
4 32 34 (1248 -96 112 ) (1248 -176 112 ) (1248 -176 128 ) (1248 -96 128 ) 
4 32 33 (1248 -176 128 ) (1248 -176 112 ) (1344 -176 112 ) (1360 -176 128 ) 
4 33 129 (1344 -224 128 ) (1248 -224 128 ) (1248 -224 112 ) (1344 -224 112 ) 
3 33 125 (1360 -224 128 ) (1344 -224 128 ) (1344 -224 112 ) 
4 33 47 (1344 -224 112 ) (1248 -224 112 ) (1248 -176 112 ) (1344 -176 112 ) 
4 33 36 (1248 -176 112 ) (1248 -224 112 ) (1248 -224 128 ) (1248 -176 128 ) 
4 34 48 (1072 -176 112 ) (1072 32 112 ) (1248 32 112 ) (1248 -176 112 ) 
4 34 40 (1072 -176 128 ) (1072 -176 240 ) (1072 32 240 ) (1072 32 128 ) 
4 34 38 (1072 -176 240 ) (1072 -176 272 ) (1072 32 272 ) (1072 32 240 ) 
4 34 36 (1200 -176 112 ) (1248 -176 112 ) (1248 -176 128 ) (1184 -176 128 ) 
4 34 35 (1248 -176 128 ) (1248 -176 272 ) (1072 -176 272 ) (1072 -176 128 ) 
4 35 128 (1152 -224 272 ) (1072 -224 272 ) (1072 -224 128 ) (1152 -224 128 ) 
4 35 127 (1248 -224 272 ) (1152 -224 272 ) (1152 -224 128 ) (1248 -224 128 ) 
4 35 40 (1072 -224 128 ) (1072 -224 240 ) (1072 -176 240 ) (1072 -176 128 ) 
4 35 38 (1072 -224 240 ) (1072 -224 272 ) (1072 -176 272 ) (1072 -176 240 ) 
4 35 36 (1248 -224 128 ) (1184 -224 128 ) (1184 -176 128 ) (1248 -176 128 ) 
4 36 129 (1200 -224 112 ) (1248 -224 112 ) (1248 -224 128 ) (1184 -224 128 ) 
4 36 48 (1248 -224 112 ) (1200 -224 112 ) (1200 -176 112 ) (1248 -176 112 ) 
5 37 40 (1072 272 240 ) (1072 112 240 ) (912 112 240 ) (912 288 240 ) (1056 288 240 ) 
4 37 39 (912 288 240 ) (912 128 240 ) (928 128 272 ) (928 272 272 ) 
4 37 38 (912 112 240 ) (1072 112 240 ) (1056 112 272 ) (928 112 272 ) 
4 38 182 (1040 -224 272 ) (928 -224 272 ) (912 -224 240 ) (1040 -224 240 ) 
4 38 128 (1072 -224 272 ) (1040 -224 272 ) (1040 -224 240 ) (1072 -224 240 ) 
4 38 40 (1072 112 240 ) (1072 -224 240 ) (912 -224 240 ) (912 112 240 ) 
4 39 71 (912 144 272 ) (912 272 272 ) (912 272 240 ) (912 128 240 ) 
3 39 69 (912 272 272 ) (912 288 240 ) (912 272 240 ) 
4 40 183 (912 -224 240 ) (912 -224 128 ) (1040 -224 128 ) (1040 -224 240 ) 
4 40 128 (1040 -224 128 ) (1072 -224 128 ) (1072 -224 240 ) (1040 -224 240 ) 
4 40 71 (912 128 240 ) (912 272 240 ) (912 272 128 ) (912 128 128 ) 
4 40 69 (912 272 240 ) (912 288 240 ) (912 288 128 ) (912 272 128 ) 
4 41 126 (1552 -224 0 ) (1552 -224 112 ) (1376 -224 112 ) (1376 -224 0 ) 
4 41 47 (1376 -96 0 ) (1376 -224 0 ) (1376 -224 112 ) (1376 -96 112 ) 
4 41 44 (1376 -64 0 ) (1376 -96 0 ) (1376 -96 112 ) (1376 -64 112 ) 
4 41 43 (1376 32 0 ) (1376 0 0 ) (1376 0 112 ) (1376 32 112 ) 
4 41 42 (1376 288 112 ) (1376 288 0 ) (1376 32 0 ) (1376 32 112 ) 
4 42 48 (1248 32 112 ) (1248 288 112 ) (1248 288 0 ) (1248 32 0 ) 
4 42 45 (1248 32 112 ) (1248 32 0 ) (1280 32 0 ) (1280 32 112 ) 
4 42 43 (1344 32 0 ) (1376 32 0 ) (1376 32 112 ) (1344 32 112 ) 
4 44 47 (1344 -96 0 ) (1376 -96 0 ) (1376 -96 112 ) (1344 -96 112 ) 
4 45 48 (1248 0 112 ) (1248 32 112 ) (1248 32 0 ) (1248 0 0 ) 
4 46 48 (1248 -96 0 ) (1248 -96 112 ) (1248 -64 112 ) (1248 -64 0 ) 
4 46 47 (1248 -96 112 ) (1248 -96 0 ) (1280 -96 0 ) (1280 -96 112 ) 
4 47 130 (1344 -224 112 ) (1248 -224 112 ) (1248 -224 0 ) (1344 -224 0 ) 
4 47 126 (1376 -224 0 ) (1376 -224 112 ) (1344 -224 112 ) (1344 -224 0 ) 
4 47 48 (1248 -224 0 ) (1248 -224 112 ) (1248 -96 112 ) (1248 -96 0 ) 
4 48 130 (1248 -224 0 ) (1248 -224 112 ) (1072 -224 112 ) (1072 -224 0 ) 
6 48 49 (1072 288 80 ) (1072 288 0 ) (1072 112 0 ) (1072 112 80 ) (1072 128 112 ) (1072 272 112 ) 
3 49 79 (912 256 112 ) (912 272 112 ) (912 272 80 ) 
6 49 80 (912 112 0 ) (912 112 80 ) (912 128 112 ) (912 256 112 ) (912 272 80 ) (912 272 0 ) 
4 49 78 (912 272 112 ) (912 288 80 ) (912 288 0 ) (912 272 0 ) 
6 50 81 (240 848 240 ) (240 848 128 ) (240 688 128 ) (240 688 240 ) (240 704 272 ) (240 832 272 ) 
4 50 51 (240 688 128 ) (240 848 128 ) (752 848 128 ) (752 688 128 ) 
4 51 81 (240 848 128 ) (240 848 112 ) (240 688 112 ) (240 688 128 ) 
4 51 60 (624 848 112 ) (672 848 112 ) (672 688 112 ) (624 688 112 ) 
4 51 56 (720 848 112 ) (736 848 112 ) (736 688 112 ) (720 688 112 ) 
4 51 57 (672 848 112 ) (720 848 112 ) (720 688 112 ) (672 688 112 ) 
4 51 63 (240 688 112 ) (240 848 112 ) (624 848 112 ) (624 688 112 ) 
4 52 87 (240 528 272 ) (240 544 272 ) (240 544 240 ) (240 512 240 ) 
4 52 82 (240 544 272 ) (240 656 272 ) (240 672 240 ) (240 544 240 ) 
5 52 54 (240 512 240 ) (240 672 240 ) (752 672 240 ) (768 656 240 ) (768 512 240 ) 
4 52 53 (768 512 240 ) (752 528 272 ) (624 528 272 ) (608 512 240 ) 
4 53 70 (608 288 240 ) (768 288 240 ) (752 288 272 ) (624 288 272 ) 
4 53 55 (768 288 240 ) (608 288 240 ) (608 512 240 ) (768 512 240 ) 
4 54 87 (240 512 240 ) (240 544 240 ) (240 544 128 ) (240 512 128 ) 
4 54 83 (240 672 224 ) (240 672 128 ) (240 544 128 ) (240 544 224 ) 
4 54 82 (240 544 240 ) (240 672 240 ) (240 672 224 ) (240 544 224 ) 
4 54 55 (768 512 128 ) (768 512 240 ) (608 512 240 ) (608 512 128 ) 
4 55 70 (768 288 128 ) (768 288 240 ) (608 288 240 ) (608 288 128 ) 
4 56 57 (720 848 112 ) (720 848 96 ) (720 688 96 ) (720 688 112 ) 
4 57 60 (672 848 112 ) (672 848 80 ) (672 688 80 ) (672 688 112 ) 
4 57 59 (688 688 80 ) (672 688 80 ) (672 848 80 ) (688 848 80 ) 
4 57 58 (704 688 80 ) (688 688 80 ) (688 848 80 ) (704 848 80 ) 
4 58 59 (688 688 64 ) (688 688 80 ) (688 848 80 ) (688 848 64 ) 
4 59 60 (672 848 80 ) (672 848 48 ) (672 688 48 ) (672 688 80 ) 
4 60 61 (640 848 32 ) (656 848 32 ) (656 688 32 ) (640 688 32 ) 
4 60 62 (624 848 32 ) (640 848 32 ) (640 688 32 ) (624 688 32 ) 
4 60 63 (624 848 112 ) (624 848 32 ) (624 688 32 ) (624 688 112 ) 
4 61 62 (640 848 32 ) (640 848 16 ) (640 688 16 ) (640 688 32 ) 
4 62 63 (624 848 32 ) (624 848 0 ) (624 688 0 ) (624 688 32 ) 
4 63 95 (240 672 112 ) (240 720 112 ) (240 720 0 ) (240 672 0 ) 
4 63 91 (240 720 112 ) (240 848 112 ) (240 848 0 ) (240 720 0 ) 
4 63 68 (608 672 112 ) (240 672 112 ) (240 672 0 ) (608 672 0 ) 
4 63 66 (624 672 112 ) (608 672 112 ) (608 672 0 ) (624 672 0 ) 
4 64 77 (768 288 80 ) (752 288 112 ) (624 288 112 ) (624 288 80 ) 
4 64 67 (624 288 80 ) (624 288 112 ) (624 528 112 ) (624 512 80 ) 
4 64 66 (624 528 112 ) (624 656 112 ) (624 672 80 ) (624 512 80 ) 
5 64 65 (768 288 80 ) (624 288 80 ) (624 672 80 ) (752 672 80 ) (768 656 80 ) 
4 65 78 (768 288 0 ) (768 288 80 ) (624 288 80 ) (624 288 0 ) 
4 65 67 (624 472 0 ) (624 288 0 ) (624 288 80 ) (624 512 80 ) 
4 65 66 (624 672 0 ) (624 472 0 ) (624 512 80 ) (624 672 80 ) 
5 66 68 (608 672 112 ) (608 672 0 ) (608 512 0 ) (608 512 80 ) (608 528 112 ) 
4 66 67 (608 512 80 ) (608 472 0 ) (624 472 0 ) (624 528 112 ) 
3 67 77 (624 288 112 ) (608 288 80 ) (624 288 80 ) 
4 67 78 (608 288 80 ) (608 288 0 ) (624 288 0 ) (624 288 80 ) 
5 68 95 (240 528 112 ) (240 672 112 ) (240 672 0 ) (240 512 0 ) (240 512 80 ) 
4 69 71 (912 272 128 ) (912 272 272 ) (752 272 272 ) (824 272 128 ) 
4 69 70 (824 272 128 ) (752 272 272 ) (768 288 240 ) (824 288 128 ) 
4 70 72 (752 272 272 ) (624 272 272 ) (608 272 240 ) (768 272 240 ) 
4 70 73 (608 272 240 ) (608 272 128 ) (824 272 128 ) (768 272 240 ) 
3 71 72 (752 256 272 ) (752 272 272 ) (768 272 240 ) 
6 71 73 (824 272 128 ) (824 128 128 ) (768 128 240 ) (752 144 272 ) (752 256 272 ) (768 272 240 ) 
4 72 73 (608 272 240 ) (768 272 240 ) (752 256 272 ) (624 256 272 ) 
5 73 76 (608 272 240 ) (608 272 128 ) (608 128 128 ) (608 128 272 ) (608 256 272 ) 
3 73 75 (624 128 272 ) (608 128 272 ) (608 128 240 ) 
6 73 74 (608 128 128 ) (768 128 128 ) (768 128 240 ) (752 128 272 ) (624 128 272 ) (608 128 240 ) 
6 74 191 (752 -224 272 ) (624 -224 272 ) (608 -224 240 ) (608 -224 128 ) (768 -224 128 ) (768 -224 240 ) 
4 74 76 (608 128 128 ) (608 112 128 ) (608 112 240 ) (608 128 240 ) 
3 74 75 (608 128 240 ) (608 112 240 ) (624 128 272 ) 
3 75 76 (608 128 272 ) (608 128 240 ) (608 112 240 ) 
4 76 103 (240 128 272 ) (240 256 272 ) (240 272 240 ) (240 112 240 ) 
4 76 104 (240 272 240 ) (240 272 128 ) (240 112 128 ) (240 112 240 ) 
4 77 78 (608 288 80 ) (768 288 80 ) (752 272 112 ) (624 272 112 ) 
4 78 79 (912 272 80 ) (912 272 112 ) (624 272 112 ) (608 272 80 ) 
4 78 80 (912 272 0 ) (912 272 80 ) (608 272 80 ) (608 272 0 ) 
4 79 80 (912 272 80 ) (912 256 112 ) (624 256 112 ) (608 272 80 ) 
4 80 108 (240 112 0 ) (240 112 80 ) (240 272 80 ) (240 272 0 ) 
4 80 106 (240 112 80 ) (240 128 112 ) (240 256 112 ) (240 272 80 ) 
4 81 98 (-192 848 112 ) (-176 848 112 ) (-176 688 112 ) (-192 688 112 ) 
4 81 97 (16 688 112 ) (-176 688 112 ) (-176 720 112 ) (16 720 112 ) 
4 81 95 (240 720 112 ) (240 688 112 ) (16 688 112 ) (16 720 112 ) 
4 81 93 (-160 816 112 ) (-160 720 112 ) (-176 720 112 ) (-176 816 112 ) 
4 81 92 (-176 848 112 ) (-160 848 112 ) (-160 816 112 ) (-176 816 112 ) 
4 81 91 (-160 848 112 ) (240 848 112 ) (240 720 112 ) (-160 720 112 ) 
4 82 88 (144 544 272 ) (-192 544 272 ) (-192 544 224 ) (168 544 224 ) 
4 82 87 (240 544 224 ) (240 544 272 ) (144 544 272 ) (168 544 224 ) 
4 82 86 (-192 544 224 ) (-192 640 224 ) (-176 640 224 ) (-176 544 224 ) 
4 82 85 (-176 640 224 ) (-160 640 224 ) (-160 544 224 ) (-176 544 224 ) 
4 82 84 (-192 640 224 ) (-192 672 224 ) (-160 672 224 ) (-160 640 224 ) 
4 82 83 (-160 672 224 ) (240 672 224 ) (240 544 224 ) (-160 544 224 ) 
4 83 88 (168 544 224 ) (-160 544 224 ) (-160 544 128 ) (216 544 128 ) 
4 83 87 (240 544 128 ) (240 544 224 ) (168 544 224 ) (216 544 128 ) 
4 83 85 (-160 544 128 ) (-160 544 224 ) (-160 640 224 ) (-160 640 128 ) 
4 83 84 (-160 640 224 ) (-160 672 224 ) (-160 672 128 ) (-160 640 128 ) 
4 84 86 (-192 640 224 ) (-192 640 128 ) (-176 640 128 ) (-176 640 224 ) 
4 84 85 (-176 640 128 ) (-160 640 128 ) (-160 640 224 ) (-176 640 224 ) 
4 85 88 (-160 544 128 ) (-160 544 224 ) (-176 544 224 ) (-176 544 128 ) 
4 85 86 (-176 544 128 ) (-176 544 224 ) (-176 640 224 ) (-176 640 128 ) 
4 86 88 (-176 544 224 ) (-192 544 224 ) (-192 544 128 ) (-176 544 128 ) 
5 87 88 (216 512 128 ) (160 512 240 ) (144 528 272 ) (144 544 272 ) (216 544 128 ) 
4 88 90 (0 512 128 ) (160 512 128 ) (160 512 240 ) (0 512 240 ) 
4 88 89 (0 512 240 ) (160 512 240 ) (144 528 272 ) (16 528 272 ) 
4 89 90 (0 512 240 ) (160 512 240 ) (144 512 272 ) (16 512 272 ) 
4 90 102 (144 272 272 ) (16 272 272 ) (0 272 240 ) (160 272 240 ) 
4 90 104 (0 272 240 ) (0 272 128 ) (160 272 128 ) (160 272 240 ) 
4 91 97 (-160 720 0 ) (-40 720 0 ) (16 720 112 ) (-160 720 112 ) 
4 91 95 (-40 720 0 ) (240 720 0 ) (240 720 112 ) (16 720 112 ) 
4 91 94 (-160 816 0 ) (-160 720 0 ) (-160 720 96 ) (-160 816 96 ) 
4 91 93 (-160 720 96 ) (-160 720 112 ) (-160 816 112 ) (-160 816 96 ) 
4 91 92 (-160 848 0 ) (-160 816 0 ) (-160 816 112 ) (-160 848 112 ) 
4 92 98 (-176 848 0 ) (-176 816 0 ) (-176 816 112 ) (-176 848 112 ) 
4 92 94 (-176 816 0 ) (-160 816 0 ) (-160 816 96 ) (-176 816 96 ) 
4 92 93 (-160 816 96 ) (-160 816 112 ) (-176 816 112 ) (-176 816 96 ) 
4 93 98 (-176 720 96 ) (-176 720 112 ) (-176 816 112 ) (-176 816 96 ) 
4 93 97 (-160 720 96 ) (-160 720 112 ) (-176 720 112 ) (-176 720 96 ) 
4 93 94 (-176 720 96 ) (-176 816 96 ) (-160 816 96 ) (-160 720 96 ) 
4 94 98 (-176 816 0 ) (-176 720 0 ) (-176 720 96 ) (-176 816 96 ) 
4 94 97 (-176 720 0 ) (-160 720 0 ) (-160 720 96 ) (-176 720 96 ) 
4 95 101 (0 512 0 ) (160 512 0 ) (160 512 80 ) (0 512 80 ) 
5 95 97 (16 720 112 ) (-40 720 0 ) (-40 512 0 ) (0 512 80 ) (16 528 112 ) 
4 95 96 (0 512 80 ) (160 512 80 ) (144 528 112 ) (16 528 112 ) 
4 96 101 (144 512 112 ) (16 512 112 ) (0 512 80 ) (160 512 80 ) 
4 97 99 (-176 512 80 ) (-176 528 112 ) (-176 688 112 ) (-176 688 80 ) 
4 97 100 (-176 688 0 ) (-176 512 0 ) (-176 512 80 ) (-176 688 80 ) 
4 97 98 (-176 720 0 ) (-176 688 0 ) (-176 688 112 ) (-176 720 112 ) 
3 98 99 (-192 688 80 ) (-176 688 80 ) (-176 688 112 ) 
4 98 100 (-192 688 80 ) (-192 688 0 ) (-176 688 0 ) (-176 688 80 ) 
4 99 100 (-176 512 80 ) (-192 528 80 ) (-192 688 80 ) (-176 688 80 ) 
4 101 108 (0 272 80 ) (0 272 0 ) (160 272 0 ) (160 272 80 ) 
4 101 107 (64 272 112 ) (16 272 112 ) (0 272 80 ) (64 272 80 ) 
4 101 105 (144 272 112 ) (64 272 112 ) (64 272 80 ) (160 272 80 ) 
4 102 103 (0 272 240 ) (160 272 240 ) (144 256 272 ) (16 256 272 ) 
5 103 104 (0 272 240 ) (240 272 240 ) (240 112 240 ) (16 112 240 ) (0 128 240 ) 
3 105 107 (64 256 112 ) (64 272 112 ) (64 272 80 ) 
4 105 106 (64 256 112 ) (64 272 80 ) (160 272 80 ) (144 256 112 ) 
10 106 109 (176 112 112 ) (128 112 112 ) (112 112 108 ) (96 112 100 ) (80 112 88 ) (74.666667 112 80 ) (229.333333 112 80 ) (224 112 88 ) (208 112 100 ) (192 112 108 ) 
4 106 108 (64 272 80 ) (240 272 80 ) (240 112 80 ) (64 112 80 ) 
4 106 107 (64 112 80 ) (64 128 112 ) (64 256 112 ) (64 272 80 ) 
5 107 108 (0 272 80 ) (64 272 80 ) (64 112 80 ) (16 112 80 ) (0 128 80 ) 
6 108 109 (240 112 0 ) (240 112 64 ) (229.333333 112 80 ) (74.666667 112 80 ) (64 112 64 ) (64 112 0 ) 
12 109 197 (240 -224 0 ) (240 -224 64 ) (224 -224 88 ) (208 -224 100 ) (192 -224 108 ) (176 -224 112 ) (128 -224 112 ) (112 -224 108 ) (96 -224 100 ) (80 -224 88 ) (64 -224 64 ) (64 -224 0 ) 
4 110 112 (1936 -464 128 ) (1936 -464 272 ) (1936 -240 272 ) (1936 -240 128 ) 
4 110 111 (1936 -240 272 ) (1936 -224 272 ) (1936 -224 128 ) (1936 -240 128 ) 
4 111 112 (1936 -240 128 ) (1936 -240 272 ) (1872 -240 272 ) (1872 -240 128 ) 
4 112 116 (1936 -480 128 ) (1936 -480 272 ) (1792 -480 272 ) (1792 -480 128 ) 
4 112 113 (1792 -240 272 ) (1792 -240 128 ) (1792 -464 128 ) (1792 -464 272 ) 
4 114 124 (1552 -224 272 ) (1552 -224 240 ) (1552 -320 240 ) (1552 -304 272 ) 
5 114 115 (1552 -224 240 ) (1712 -224 240 ) (1712 -304 240 ) (1696 -320 240 ) (1552 -320 240 ) 
4 115 124 (1552 -224 240 ) (1552 -224 128 ) (1552 -320 128 ) (1552 -320 240 ) 
6 116 117 (1616 -656 128 ) (2080 -656 128 ) (2080 -656 240 ) (2064 -656 272 ) (1632 -656 272 ) (1616 -656 240 ) 
4 117 122 (1616 -656 128 ) (1616 -768 128 ) (1616 -768 272 ) (1616 -656 272 ) 
6 117 118 (1616 -768 240 ) (1616 -768 128 ) (2080 -768 128 ) (2080 -768 240 ) (2064 -768 272 ) (1632 -768 272 ) 
4 118 155 (2080 -848 128 ) (2080 -848 240 ) (1616 -848 240 ) (1616 -848 128 ) 
4 118 154 (2080 -848 240 ) (2064 -848 272 ) (1632 -848 272 ) (1616 -848 240 ) 
4 119 121 (1584 -496 128 ) (1600 -496 128 ) (1600 -496 240 ) (1584 -496 272 ) 
4 119 120 (1584 -496 272 ) (1584 -480 240 ) (1584 -480 128 ) (1584 -496 128 ) 
4 120 133 (1552 -496 272 ) (1552 -480 240 ) (1552 -480 128 ) (1552 -496 128 ) 
4 120 121 (1552 -496 272 ) (1552 -496 128 ) (1584 -496 128 ) (1584 -496 272 ) 
4 121 134 (1552 -656 272 ) (1552 -592 272 ) (1552 -592 128 ) (1552 -656 128 ) 
4 121 133 (1552 -592 272 ) (1552 -496 272 ) (1552 -496 128 ) (1552 -592 128 ) 
5 121 122 (1584 -656 272 ) (1552 -656 272 ) (1552 -656 128 ) (1600 -656 128 ) (1600 -656 240 ) 
4 122 134 (1552 -688 272 ) (1552 -656 272 ) (1552 -656 128 ) (1552 -688 128 ) 
4 122 137 (1552 -768 272 ) (1552 -688 272 ) (1552 -688 128 ) (1552 -768 128 ) 
5 122 123 (1552 -768 272 ) (1552 -768 128 ) (1600 -768 128 ) (1600 -768 240 ) (1584 -768 272 ) 
5 123 163 (1584 -848 272 ) (1552 -848 272 ) (1552 -848 128 ) (1600 -848 128 ) (1600 -848 240 ) 
4 123 137 (1552 -848 128 ) (1552 -848 272 ) (1552 -768 272 ) (1552 -768 128 ) 
5 124 127 (1344 -224 272 ) (1344 -224 128 ) (1344 -320 128 ) (1344 -320 240 ) (1344 -304 272 ) 
4 124 125 (1344 -320 128 ) (1344 -224 128 ) (1360 -224 128 ) (1360 -320 128 ) 
4 125 129 (1344 -224 128 ) (1344 -224 112 ) (1344 -320 112 ) (1344 -320 128 ) 
4 126 130 (1344 -224 112 ) (1344 -224 0 ) (1344 -320 0 ) (1344 -320 112 ) 
4 127 131 (1344 -320 128 ) (1344 -320 272 ) (1152 -320 272 ) (1152 -320 128 ) 
4 127 129 (1184 -224 128 ) (1344 -224 128 ) (1344 -320 128 ) (1184 -320 128 ) 
5 127 128 (1152 -320 128 ) (1152 -320 240 ) (1152 -304 272 ) (1152 -224 272 ) (1152 -224 128 ) 
4 128 183 (1040 -224 240 ) (1040 -224 128 ) (1040 -320 128 ) (1040 -320 240 ) 
4 128 182 (1040 -224 272 ) (1040 -224 240 ) (1040 -320 240 ) (1040 -304 272 ) 
4 129 131 (1344 -320 112 ) (1344 -320 128 ) (1184 -320 128 ) (1200 -320 112 ) 
4 129 130 (1200 -224 112 ) (1344 -224 112 ) (1344 -320 112 ) (1200 -320 112 ) 
4 130 131 (1344 -320 0 ) (1344 -320 112 ) (1152 -320 112 ) (1152 -320 0 ) 
12 131 132 (1152 -464 0 ) (1344 -464 0 ) (1344 -464 64 ) (1328 -464 86 ) (1312 -464 94 ) (1296 -464 100 ) (1264 -464 104 ) (1232 -464 104 ) (1200 -464 100 ) (1184 -464 94 ) (1168 -464 86 ) (1152 -464 64 ) 
5 132 147 (1344 -480 0 ) (1344 -480 64 ) (1332.363636 -480 80 ) (1216 -480 80 ) (1216 -480 0 ) 
5 132 153 (1216 -480 80 ) (1163.636364 -480 80 ) (1152 -480 64 ) (1152 -480 0 ) (1216 -480 0 ) 
10 132 146 (1332.363636 -480 80 ) (1328 -480 86 ) (1312 -480 94 ) (1296 -480 100 ) (1264 -480 104 ) (1232 -480 104 ) (1200 -480 100 ) (1184 -480 94 ) (1168 -480 86 ) (1163.636364 -480 80 ) 
5 133 184 (1040 -592 272 ) (1040 -496 272 ) (1040 -480 240 ) (1040 -480 128 ) (1040 -592 128 ) 
4 133 135 (1456 -592 272 ) (1040 -592 272 ) (1040 -592 128 ) (1456 -592 128 ) 
5 133 134 (1552 -592 128 ) (1552 -592 272 ) (1472 -592 272 ) (1456 -592 240 ) (1456 -592 128 ) 
4 134 135 (1456 -592 240 ) (1456 -592 128 ) (1456 -608 128 ) (1456 -608 240 ) 
5 134 137 (1456 -688 128 ) (1552 -688 128 ) (1552 -688 272 ) (1472 -688 272 ) (1456 -688 240 ) 
4 135 184 (1040 -592 272 ) (1040 -592 128 ) (1040 -608 128 ) (1040 -608 240 ) 
4 136 138 (1040 -688 128 ) (1040 -624 128 ) (1440 -624 128 ) (1440 -688 128 ) 
4 136 137 (1040 -688 272 ) (1040 -688 128 ) (1440 -688 128 ) (1440 -688 272 ) 
4 137 186 (1040 -848 128 ) (1040 -848 272 ) (1040 -688 272 ) (1040 -688 128 ) 
4 137 167 (1456 -848 272 ) (1040 -848 272 ) (1040 -848 128 ) (1456 -848 128 ) 
4 137 163 (1552 -848 128 ) (1552 -848 272 ) (1456 -848 272 ) (1456 -848 128 ) 
3 137 141 (1344 -848 128 ) (1312 -848 128 ) (1344 -816 128 ) 
3 137 142 (1216 -752 128 ) (1216 -720 128 ) (1248 -720 128 ) 
3 137 140 (1312 -720 128 ) (1344 -720 128 ) (1344 -752 128 ) 
3 137 143 (1248 -848 128 ) (1216 -848 128 ) (1216 -816 128 ) 
4 137 139 (1440 -848 128 ) (1344 -848 128 ) (1344 -720 128 ) (1440 -720 128 ) 
4 137 144 (1216 -848 128 ) (1040 -848 128 ) (1040 -720 128 ) (1216 -720 128 ) 
4 137 138 (1040 -720 128 ) (1040 -688 128 ) (1440 -688 128 ) (1440 -720 128 ) 
4 138 147 (1216 -624 112 ) (1440 -624 112 ) (1440 -720 112 ) (1216 -720 112 ) 
4 138 153 (1040 -720 112 ) (1040 -624 112 ) (1216 -624 112 ) (1216 -720 112 ) 
4 138 142 (1248 -720 128 ) (1216 -720 128 ) (1216 -720 112 ) (1248 -720 112 ) 
4 138 140 (1344 -720 128 ) (1312 -720 128 ) (1312 -720 112 ) (1344 -720 112 ) 
4 138 139 (1440 -720 112 ) (1440 -720 128 ) (1344 -720 128 ) (1344 -720 112 ) 
4 138 144 (1216 -720 128 ) (1040 -720 128 ) (1040 -720 112 ) (1216 -720 112 ) 
4 139 171 (1440 -848 112 ) (1440 -848 128 ) (1344 -848 128 ) (1344 -848 112 ) 
4 139 148 (1440 -848 112 ) (1344 -848 112 ) (1344 -720 112 ) (1440 -720 112 ) 
4 139 141 (1344 -816 112 ) (1344 -848 112 ) (1344 -848 128 ) (1344 -816 128 ) 
4 139 140 (1344 -720 112 ) (1344 -752 112 ) (1344 -752 128 ) (1344 -720 128 ) 
3 140 149 (1312 -720 112 ) (1344 -720 112 ) (1344 -752 112 ) 
4 141 175 (1344 -848 128 ) (1312 -848 128 ) (1312 -848 112 ) (1344 -848 112 ) 
3 141 150 (1344 -848 112 ) (1312 -848 112 ) (1344 -816 112 ) 
3 142 151 (1216 -752 112 ) (1216 -720 112 ) (1248 -720 112 ) 
4 142 144 (1216 -720 128 ) (1216 -720 112 ) (1216 -752 112 ) (1216 -752 128 ) 
4 143 175 (1248 -848 128 ) (1216 -848 128 ) (1216 -848 112 ) (1248 -848 112 ) 
3 143 152 (1248 -848 112 ) (1216 -848 112 ) (1216 -816 112 ) 
4 143 144 (1216 -816 112 ) (1216 -848 112 ) (1216 -848 128 ) (1216 -816 128 ) 
4 144 175 (1216 -848 128 ) (1040 -848 128 ) (1040 -848 112 ) (1216 -848 112 ) 
4 144 153 (1216 -848 112 ) (1040 -848 112 ) (1040 -720 112 ) (1216 -720 112 ) 
4 145 147 (1440 -480 80 ) (1440 -496 112 ) (1424 -496 112 ) (1424 -480 80 ) 
4 146 147 (1344 -496 112 ) (1216 -496 112 ) (1216 -480 80 ) (1344 -480 80 ) 
4 146 153 (1216 -496 112 ) (1152 -496 112 ) (1152 -480 80 ) (1216 -480 80 ) 
4 147 151 (1216 -720 0 ) (1248 -720 0 ) (1248 -720 112 ) (1216 -720 112 ) 
4 147 149 (1312 -720 0 ) (1344 -720 0 ) (1344 -720 112 ) (1312 -720 112 ) 
4 147 148 (1344 -720 0 ) (1440 -720 0 ) (1440 -720 112 ) (1344 -720 112 ) 
5 147 153 (1216 -720 112 ) (1216 -496 112 ) (1216 -480 80 ) (1216 -480 0 ) (1216 -720 0 ) 
4 148 171 (1440 -848 0 ) (1440 -848 112 ) (1344 -848 112 ) (1344 -848 0 ) 
4 148 150 (1344 -816 0 ) (1344 -848 0 ) (1344 -848 112 ) (1344 -816 112 ) 
4 148 149 (1344 -720 0 ) (1344 -752 0 ) (1344 -752 112 ) (1344 -720 112 ) 
4 150 175 (1344 -848 112 ) (1312 -848 112 ) (1312 -848 0 ) (1344 -848 0 ) 
4 151 153 (1216 -752 112 ) (1216 -720 112 ) (1216 -720 0 ) (1216 -752 0 ) 
4 152 175 (1248 -848 112 ) (1216 -848 112 ) (1216 -848 0 ) (1248 -848 0 ) 
4 152 153 (1216 -848 0 ) (1216 -848 112 ) (1216 -816 112 ) (1216 -816 0 ) 
6 153 196 (1040 -608 112 ) (1040 -496 112 ) (1040 -480 80 ) (1040 -480 0 ) (1040 -624 0 ) (1040 -624 80 ) 
4 153 175 (1216 -848 112 ) (1040 -848 112 ) (1040 -848 0 ) (1216 -848 0 ) 
6 154 162 (2080 -1168 240 ) (2080 -1296 240 ) (2064 -1312 240 ) (1632 -1312 240 ) (1616 -1296 240 ) (1616 -1168 240 ) 
4 154 157 (1888 -896 240 ) (1824 -896 240 ) (1824 -864 240 ) (1888 -864 240 ) 
4 154 156 (2080 -864 240 ) (2080 -896 240 ) (1888 -896 240 ) (1888 -864 240 ) 
4 154 159 (1824 -896 240 ) (1616 -896 240 ) (1616 -864 240 ) (1824 -864 240 ) 
4 154 155 (1616 -848 240 ) (2080 -848 240 ) (2080 -864 240 ) (1616 -864 240 ) 
4 154 160 (2080 -896 240 ) (2080 -1168 240 ) (1616 -1168 240 ) (1616 -896 240 ) 
4 155 157 (1824 -864 112 ) (1888 -864 112 ) (1888 -864 240 ) (1824 -864 240 ) 
4 155 156 (1888 -864 112 ) (2080 -864 112 ) (2080 -864 240 ) (1888 -864 240 ) 
4 155 159 (1616 -864 240 ) (1616 -864 112 ) (1824 -864 112 ) (1824 -864 240 ) 
4 156 158 (1888 -864 0 ) (1888 -896 0 ) (1888 -896 80 ) (1888 -864 80 ) 
4 156 157 (1888 -896 80 ) (1888 -896 240 ) (1888 -864 240 ) (1888 -864 80 ) 
4 156 160 (1888 -896 0 ) (2080 -896 0 ) (2080 -896 240 ) (1888 -896 240 ) 
4 157 160 (1888 -896 80 ) (1888 -896 240 ) (1824 -896 240 ) (1824 -896 80 ) 
4 157 159 (1824 -864 240 ) (1824 -864 80 ) (1824 -896 80 ) (1824 -896 240 ) 
4 157 158 (1888 -896 80 ) (1824 -896 80 ) (1824 -864 80 ) (1888 -864 80 ) 
4 158 160 (1824 -896 0 ) (1888 -896 0 ) (1888 -896 80 ) (1824 -896 80 ) 
4 158 159 (1824 -864 80 ) (1824 -864 0 ) (1824 -896 0 ) (1824 -896 80 ) 
4 159 160 (1616 -896 0 ) (1824 -896 0 ) (1824 -896 240 ) (1616 -896 240 ) 
4 160 162 (2080 -1168 240 ) (1616 -1168 240 ) (1616 -1168 0 ) (2080 -1168 0 ) 
12 160 161 (1616 -1168 0 ) (1616 -1168 88 ) (1616 -1152 102 ) (1616 -1136 112 ) (1616 -1120 118 ) (1616 -1104 120 ) (1616 -1072 120 ) (1616 -1056 118 ) (1616 -1040 112 ) (1616 -1024 102 ) (1616 -1008 88 ) (1616 -1008 0 ) 
12 161 172 (1600 -1008 0 ) (1600 -1168 0 ) (1600 -1168 88 ) (1600 -1152 102 ) (1600 -1136 112 ) (1600 -1120 118 ) (1600 -1104 120 ) (1600 -1072 120 ) (1600 -1056 118 ) (1600 -1040 112 ) (1600 -1024 102 ) (1600 -1008 88 ) 
4 163 173 (1600 -1168 128 ) (1600 -1184 128 ) (1456 -1184 128 ) (1456 -1168 128 ) 
4 163 172 (1600 -1008 128 ) (1600 -1168 128 ) (1456 -1168 128 ) (1456 -1008 128 ) 
4 163 170 (1600 -992 128 ) (1600 -1008 128 ) (1456 -1008 128 ) (1456 -992 128 ) 
4 163 167 (1456 -1232 272 ) (1456 -848 272 ) (1456 -848 128 ) (1456 -1232 128 ) 
6 163 164 (1456 -1232 240 ) (1456 -1232 128 ) (1600 -1232 128 ) (1600 -1232 240 ) (1584 -1232 272 ) (1472 -1232 272 ) 
4 164 165 (1600 -1312 240 ) (1584 -1312 272 ) (1472 -1312 272 ) (1456 -1312 240 ) 
4 164 166 (1456 -1312 128 ) (1600 -1312 128 ) (1600 -1312 240 ) (1456 -1312 240 ) 
4 165 169 (1456 -1456 240 ) (1456 -1440 272 ) (1456 -1328 272 ) (1456 -1312 240 ) 
5 165 166 (1584 -1456 240 ) (1456 -1456 240 ) (1456 -1312 240 ) (1600 -1312 240 ) (1600 -1440 240 ) 
4 166 169 (1456 -1456 128 ) (1456 -1456 240 ) (1456 -1312 240 ) (1456 -1312 128 ) 
4 167 216 (1040 -1232 272 ) (1040 -848 272 ) (1040 -848 128 ) (1040 -1232 128 ) 
3 167 178 (1216 -1056 128 ) (1248 -1056 128 ) (1216 -1088 128 ) 
3 167 177 (1344 -1152 128 ) (1344 -1184 128 ) (1312 -1184 128 ) 
3 167 179 (1248 -1184 128 ) (1216 -1184 128 ) (1216 -1152 128 ) 
3 167 176 (1312 -1056 128 ) (1344 -1056 128 ) (1344 -1088 128 ) 
4 167 180 (1344 -1184 128 ) (1344 -1232 128 ) (1216 -1232 128 ) (1216 -1184 128 ) 
4 167 181 (1040 -1232 128 ) (1040 -1056 128 ) (1216 -1056 128 ) (1216 -1232 128 ) 
4 167 175 (1040 -1056 128 ) (1040 -848 128 ) (1344 -848 128 ) (1344 -1056 128 ) 
4 167 173 (1456 -1168 128 ) (1456 -1184 128 ) (1440 -1184 128 ) (1440 -1168 128 ) 
4 167 174 (1440 -1232 128 ) (1344 -1232 128 ) (1344 -1168 128 ) (1440 -1168 128 ) 
4 167 172 (1456 -1008 128 ) (1456 -1168 128 ) (1344 -1168 128 ) (1344 -1008 128 ) 
4 167 170 (1456 -992 128 ) (1456 -1008 128 ) (1440 -1008 128 ) (1440 -992 128 ) 
4 167 171 (1344 -848 128 ) (1440 -848 128 ) (1440 -1008 128 ) (1344 -1008 128 ) 
4 167 168 (1040 -1232 128 ) (1440 -1232 128 ) (1440 -1232 272 ) (1040 -1232 272 ) 
4 168 180 (1216 -1232 128 ) (1344 -1232 128 ) (1344 -1296 128 ) (1216 -1296 128 ) 
4 168 181 (1040 -1296 128 ) (1040 -1232 128 ) (1216 -1232 128 ) (1216 -1296 128 ) 
4 168 174 (1344 -1232 128 ) (1440 -1232 128 ) (1440 -1296 128 ) (1344 -1296 128 ) 
6 169 217 (1040 -1456 128 ) (1040 -1456 240 ) (1040 -1440 272 ) (1040 -1328 272 ) (1040 -1312 240 ) (1040 -1312 128 ) 
4 170 172 (1600 -1008 112 ) (1600 -1008 128 ) (1440 -1008 128 ) (1440 -1008 112 ) 
3 170 171 (1440 -1008 128 ) (1440 -992 128 ) (1440 -1008 112 ) 
4 171 175 (1344 -1008 128 ) (1344 -848 128 ) (1344 -848 0 ) (1344 -1008 0 ) 
4 171 172 (1344 -1008 0 ) (1440 -1008 0 ) (1440 -1008 128 ) (1344 -1008 128 ) 
4 172 177 (1344 -1168 128 ) (1344 -1152 128 ) (1344 -1152 0 ) (1344 -1168 0 ) 
4 172 176 (1344 -1088 128 ) (1344 -1056 128 ) (1344 -1056 0 ) (1344 -1088 0 ) 
4 172 175 (1344 -1056 128 ) (1344 -1008 128 ) (1344 -1008 0 ) (1344 -1056 0 ) 
4 172 173 (1600 -1168 112 ) (1600 -1168 128 ) (1440 -1168 128 ) (1440 -1168 112 ) 
4 172 174 (1344 -1168 128 ) (1344 -1168 0 ) (1440 -1168 0 ) (1440 -1168 128 ) 
3 173 174 (1440 -1184 128 ) (1440 -1168 128 ) (1440 -1168 112 ) 
4 174 177 (1344 -1184 128 ) (1344 -1168 128 ) (1344 -1168 0 ) (1344 -1184 0 ) 
4 174 180 (1344 -1296 0 ) (1344 -1296 128 ) (1344 -1184 128 ) (1344 -1184 0 ) 
4 175 178 (1216 -1056 0 ) (1248 -1056 0 ) (1248 -1056 128 ) (1216 -1056 128 ) 
4 175 176 (1312 -1056 0 ) (1344 -1056 0 ) (1344 -1056 128 ) (1312 -1056 128 ) 
4 175 181 (1040 -1056 128 ) (1040 -1056 0 ) (1216 -1056 0 ) (1216 -1056 128 ) 
4 177 180 (1312 -1184 0 ) (1344 -1184 0 ) (1344 -1184 128 ) (1312 -1184 128 ) 
4 178 181 (1216 -1056 0 ) (1216 -1088 0 ) (1216 -1088 128 ) (1216 -1056 128 ) 
4 179 181 (1216 -1152 0 ) (1216 -1184 0 ) (1216 -1184 128 ) (1216 -1152 128 ) 
4 179 180 (1216 -1184 0 ) (1248 -1184 0 ) (1248 -1184 128 ) (1216 -1184 128 ) 
4 180 181 (1216 -1184 0 ) (1216 -1296 0 ) (1216 -1296 128 ) (1216 -1184 128 ) 
5 182 183 (912 -224 240 ) (1040 -224 240 ) (1040 -320 240 ) (928 -320 240 ) (912 -304 240 ) 
6 184 192 (768 -480 128 ) (768 -608 128 ) (768 -608 240 ) (768 -592 272 ) (768 -496 272 ) (768 -480 240 ) 
4 184 190 (768 -608 240 ) (768 -608 128 ) (880 -608 128 ) (880 -608 240 ) 
4 184 187 (880 -608 128 ) (1024 -608 128 ) (1024 -608 240 ) (880 -608 240 ) 
4 184 185 (1008 -592 272 ) (768 -592 272 ) (768 -608 240 ) (1024 -608 240 ) 
3 185 192 (768 -608 240 ) (768 -608 272 ) (768 -592 272 ) 
4 185 190 (768 -608 272 ) (768 -608 240 ) (880 -608 240 ) (880 -608 272 ) 
3 185 189 (880 -608 240 ) (896 -608 272 ) (880 -608 272 ) 
4 185 187 (880 -608 240 ) (1024 -608 240 ) (1008 -608 272 ) (896 -608 272 ) 
4 186 216 (1040 -848 128 ) (1040 -848 272 ) (1024 -848 272 ) (1024 -848 128 ) 
4 186 188 (1024 -688 128 ) (1024 -848 128 ) (1024 -848 272 ) (1024 -688 272 ) 
4 187 190 (880 -608 240 ) (880 -608 128 ) (880 -624 128 ) (880 -624 240 ) 
3 187 189 (880 -608 240 ) (880 -624 240 ) (896 -608 272 ) 
6 187 188 (880 -688 128 ) (1024 -688 128 ) (1024 -688 240 ) (1008 -688 272 ) (896 -688 272 ) (880 -688 240 ) 
5 188 218 (1024 -848 272 ) (896 -848 272 ) (880 -848 240 ) (880 -848 128 ) (1024 -848 128 ) 
3 189 190 (880 -608 272 ) (880 -608 240 ) (880 -624 240 ) 
4 190 192 (768 -608 128 ) (768 -624 128 ) (768 -624 240 ) (768 -608 272 ) 
6 191 192 (608 -480 240 ) (608 -424 128 ) (768 -424 128 ) (768 -480 240 ) (752 -496 272 ) (624 -496 272 ) 
6 192 193 (752 -608 272 ) (624 -608 272 ) (608 -624 240 ) (608 -680 128 ) (768 -680 128 ) (768 -624 240 ) 
4 193 223 (608 -848 240 ) (608 -848 128 ) (768 -848 128 ) (768 -848 240 ) 
4 193 222 (752 -848 272 ) (624 -848 272 ) (608 -848 240 ) (768 -848 240 ) 
4 193 195 (608 -848 128 ) (608 -848 240 ) (608 -704 240 ) (608 -704 128 ) 
4 193 194 (608 -704 240 ) (608 -848 240 ) (624 -848 272 ) (624 -720 272 ) 
3 194 222 (624 -848 272 ) (608 -848 272 ) (608 -848 240 ) 
4 194 195 (608 -848 240 ) (608 -848 272 ) (608 -720 272 ) (608 -704 240 ) 
4 195 223 (592 -848 240 ) (592 -848 128 ) (608 -848 128 ) (608 -848 240 ) 
4 195 222 (608 -848 272 ) (592 -848 272 ) (592 -848 240 ) (608 -848 240 ) 
4 195 199 (592 -848 240 ) (592 -848 272 ) (592 -720 272 ) (592 -704 240 ) 
4 195 200 (592 -704 128 ) (592 -848 128 ) (592 -848 240 ) (592 -704 240 ) 
4 196 214 (592 -624 0 ) (592 -624 16 ) (592 -480 16 ) (592 -480 0 ) 
4 196 212 (592 -624 16 ) (592 -624 32 ) (592 -480 32 ) (592 -480 16 ) 
4 196 209 (592 -624 32 ) (592 -624 64 ) (592 -480 64 ) (592 -480 32 ) 
4 196 203 (592 -624 80 ) (592 -608 112 ) (592 -496 112 ) (592 -480 80 ) 
4 196 204 (592 -624 64 ) (592 -624 80 ) (592 -480 80 ) (592 -480 64 ) 
4 197 215 (144 -368 16 ) (64 -368 16 ) (64 -368 0 ) (144 -368 0 ) 
4 197 214 (240 -368 0 ) (240 -368 16 ) (144 -368 16 ) (144 -368 0 ) 
4 197 213 (144 -368 32 ) (64 -368 32 ) (64 -368 16 ) (144 -368 16 ) 
4 197 212 (240 -368 16 ) (240 -368 32 ) (144 -368 32 ) (144 -368 16 ) 
4 197 210 (144 -368 64 ) (64 -368 64 ) (64 -368 32 ) (144 -368 32 ) 
4 197 209 (240 -368 32 ) (240 -368 64 ) (144 -368 64 ) (144 -368 32 ) 
7 197 205 (144 -368 112 ) (128 -368 112 ) (112 -368 108 ) (96 -368 100 ) (80 -368 88 ) (64 -368 64 ) (144 -368 64 ) 
7 197 204 (240 -368 64 ) (224 -368 88 ) (208 -368 100 ) (192 -368 108 ) (176 -368 112 ) (144 -368 112 ) (144 -368 64 ) 
4 198 199 (16 -720 272 ) (0 -704 240 ) (592 -704 240 ) (576 -720 272 ) 
6 198 200 (0 -704 240 ) (0 -384 240 ) (16 -368 240 ) (576 -368 240 ) (592 -384 240 ) (592 -704 240 ) 
3 199 224 (16 -848 272 ) (0 -848 240 ) (16 -848 240 ) 
4 199 222 (592 -848 240 ) (592 -848 272 ) (16 -848 272 ) (16 -848 240 ) 
4 199 200 (592 -848 240 ) (0 -848 240 ) (0 -704 240 ) (592 -704 240 ) 
4 200 224 (16 -848 240 ) (0 -848 240 ) (0 -848 128 ) (16 -848 128 ) 
4 200 223 (592 -848 128 ) (592 -848 240 ) (16 -848 240 ) (16 -848 128 ) 
4 200 208 (144 -688 128 ) (144 -704 128 ) (0 -704 128 ) (0 -688 128 ) 
4 200 206 (144 -656 128 ) (144 -688 128 ) (0 -688 128 ) (0 -656 128 ) 
4 200 205 (0 -368 128 ) (144 -368 128 ) (144 -656 128 ) (0 -656 128 ) 
4 200 201 (144 -368 128 ) (592 -368 128 ) (592 -704 128 ) (144 -704 128 ) 
4 201 208 (144 -704 112 ) (144 -704 128 ) (144 -688 128 ) (144 -688 112 ) 
4 201 206 (144 -688 128 ) (144 -656 128 ) (144 -656 112 ) (144 -688 112 ) 
4 201 205 (144 -656 128 ) (144 -368 128 ) (144 -368 112 ) (144 -656 112 ) 
4 201 203 (592 -480 112 ) (592 -704 112 ) (576 -704 112 ) (576 -480 112 ) 
4 201 202 (576 -368 112 ) (592 -368 112 ) (592 -480 112 ) (576 -464 112 ) 
4 201 204 (144 -368 112 ) (576 -368 112 ) (576 -704 112 ) (144 -704 112 ) 
4 202 204 (576 -464 112 ) (576 -368 112 ) (592 -368 80 ) (592 -464 80 ) 
4 203 204 (592 -704 80 ) (576 -704 112 ) (576 -480 112 ) (592 -464 80 ) 
4 204 209 (144 -368 64 ) (592 -368 64 ) (592 -704 64 ) (144 -704 64 ) 
4 204 207 (144 -656 96 ) (144 -656 80 ) (144 -672 80 ) (144 -672 96 ) 
4 204 206 (144 -688 112 ) (144 -656 112 ) (144 -656 96 ) (144 -688 96 ) 
4 204 205 (144 -656 112 ) (144 -368 112 ) (144 -368 64 ) (144 -656 64 ) 
4 205 211 (0 -640 64 ) (0 -624 64 ) (144 -624 64 ) (144 -640 64 ) 
4 205 210 (0 -624 64 ) (0 -368 64 ) (144 -368 64 ) (144 -624 64 ) 
4 205 207 (0 -656 96 ) (0 -656 80 ) (144 -656 80 ) (144 -656 96 ) 
4 205 206 (0 -656 128 ) (0 -656 96 ) (144 -656 96 ) (144 -656 128 ) 
4 206 208 (144 -688 128 ) (0 -688 128 ) (0 -688 112 ) (144 -688 112 ) 
4 206 207 (0 -672 96 ) (0 -656 96 ) (144 -656 96 ) (144 -672 96 ) 
4 209 212 (592 -704 32 ) (144 -704 32 ) (144 -368 32 ) (592 -368 32 ) 
4 209 211 (144 -640 64 ) (144 -624 64 ) (144 -624 48 ) (144 -640 48 ) 
4 209 210 (144 -368 64 ) (144 -368 32 ) (144 -624 32 ) (144 -624 64 ) 
4 210 213 (0 -608 32 ) (0 -368 32 ) (144 -368 32 ) (144 -608 32 ) 
4 210 211 (144 -624 48 ) (144 -624 64 ) (0 -624 64 ) (0 -624 48 ) 
4 212 214 (144 -368 16 ) (592 -368 16 ) (592 -704 16 ) (144 -704 16 ) 
4 212 213 (144 -368 32 ) (144 -368 16 ) (144 -608 16 ) (144 -608 32 ) 
4 213 215 (0 -592 16 ) (0 -368 16 ) (144 -368 16 ) (144 -592 16 ) 
4 214 215 (144 -368 16 ) (144 -368 0 ) (144 -592 0 ) (144 -592 16 ) 
4 216 218 (1024 -1232 272 ) (1024 -848 272 ) (1024 -848 128 ) (1024 -1232 128 ) 
6 217 220 (1024 -1456 128 ) (1024 -1456 240 ) (1024 -1440 272 ) (1024 -1328 272 ) (1024 -1312 240 ) (1024 -1312 128 ) 
6 218 219 (1008 -1232 272 ) (896 -1232 272 ) (880 -1232 240 ) (880 -1232 128 ) (1024 -1232 128 ) (1024 -1232 240 ) 
6 219 220 (896 -1312 272 ) (880 -1312 240 ) (880 -1312 128 ) (1024 -1312 128 ) (1024 -1312 240 ) (1008 -1312 272 ) 
3 220 221 (880 -1456 208 ) (896 -1456 240 ) (880 -1440 240 ) 
3 222 224 (16 -848 272 ) (16 -848 240 ) (16 -864 240 ) 
4 222 223 (16 -864 240 ) (16 -848 240 ) (768 -848 240 ) (752 -864 240 ) 
4 223 224 (16 -864 240 ) (16 -848 240 ) (16 -848 128 ) (16 -864 128 ) 
